<?xml version="1.0" encoding="UTF-8"?>
<!-- Generated by org.testng.reporters.JUnitXMLReporter -->
<testsuite ignored="0" hostname="DESKTOP-FGDIIP2" failures="0" tests="3" name="Default test" time="53.417" errors="0" timestamp="2024-02-07T17:25:45 IST">
  <testcase classname="com.testcases.AddressTest" name="Address" time="11.113"/>
  <testcase classname="com.testcases.AddressTest" name="EditAddress" time="11.591"/>
  <testcase classname="com.testcases.AddressTest" name="delete" time="4.542"/>
</testsuite> <!-- Default test -->
