<?xml version="1.0" encoding="UTF-8"?>
<testng-results ignored="0" total="3" passed="3" failed="0" skipped="0">
  <reporter-output>
  </reporter-output>
  <suite started-at="2024-02-07T17:24:52 IST" name="Default suite" finished-at="2024-02-07T17:25:45 IST" duration-ms="53417">
    <groups>
    </groups>
    <test started-at="2024-02-07T17:24:52 IST" name="Default test" finished-at="2024-02-07T17:25:45 IST" duration-ms="53417">
      <class name="com.testcases.AddressTest">
        <test-method is-config="true" signature="setup()[pri:0, instance:com.testcases.AddressTest@2c35e847]" started-at="2024-02-07T17:24:54 IST" name="setup" finished-at="2024-02-07T17:25:03 IST" duration-ms="8792" status="PASS">
          <reporter-output>
          </reporter-output>
        </test-method> <!-- setup -->
        <test-method signature="Address(java.lang.String,java.lang.String,java.lang.String,java.lang.String,java.lang.String,java.lang.String)[pri:1, instance:com.testcases.AddressTest@2c35e847]" started-at="2024-02-07T17:25:03 IST" name="Address" data-provider="testdata" finished-at="2024-02-07T17:25:14 IST" duration-ms="11113" status="PASS">
          <params>
            <param index="0">
              <value>
                <![CDATA[T BHAGYARAJ]]>
              </value>
            </param>
            <param index="1">
              <value>
                <![CDATA[9985480510]]>
              </value>
            </param>
            <param index="2">
              <value>
                <![CDATA[Kavali]]>
              </value>
            </param>
            <param index="3">
              <value>
                <![CDATA[524142]]>
              </value>
            </param>
            <param index="4">
              <value>
                <![CDATA[Bitragunta]]>
              </value>
            </param>
            <param index="5">
              <value>
                <![CDATA[Bogole]]>
              </value>
            </param>
          </params>
          <reporter-output>
          </reporter-output>
        </test-method> <!-- Address -->
        <test-method is-config="true" signature="teardown()[pri:0, instance:com.testcases.AddressTest@2c35e847]" started-at="2024-02-07T17:25:14 IST" name="teardown" finished-at="2024-02-07T17:25:14 IST" duration-ms="229" status="PASS">
          <reporter-output>
          </reporter-output>
        </test-method> <!-- teardown -->
        <test-method is-config="true" signature="setup()[pri:0, instance:com.testcases.AddressTest@2c35e847]" started-at="2024-02-07T17:25:14 IST" name="setup" finished-at="2024-02-07T17:25:22 IST" duration-ms="7418" status="PASS">
          <reporter-output>
          </reporter-output>
        </test-method> <!-- setup -->
        <test-method signature="EditAddress(java.lang.String,java.lang.String,java.lang.String,java.lang.String,java.lang.String,java.lang.String)[pri:1, instance:com.testcases.AddressTest@2c35e847]" started-at="2024-02-07T17:25:22 IST" name="EditAddress" data-provider="testdata1" finished-at="2024-02-07T17:25:33 IST" duration-ms="11591" status="PASS">
          <params>
            <param index="0">
              <value>
                <![CDATA[THOGURU BHAGYARAJ]]>
              </value>
            </param>
            <param index="1">
              <value>
                <![CDATA[9985480510]]>
              </value>
            </param>
            <param index="2">
              <value>
                <![CDATA[Kavali]]>
              </value>
            </param>
            <param index="3">
              <value>
                <![CDATA[524142]]>
              </value>
            </param>
            <param index="4">
              <value>
                <![CDATA[Bogole Bitragunta]]>
              </value>
            </param>
            <param index="5">
              <value>
                <![CDATA[Bogole]]>
              </value>
            </param>
          </params>
          <reporter-output>
          </reporter-output>
        </test-method> <!-- EditAddress -->
        <test-method is-config="true" signature="teardown()[pri:0, instance:com.testcases.AddressTest@2c35e847]" started-at="2024-02-07T17:25:33 IST" name="teardown" finished-at="2024-02-07T17:25:33 IST" duration-ms="300" status="PASS">
          <reporter-output>
          </reporter-output>
        </test-method> <!-- teardown -->
        <test-method is-config="true" signature="setup()[pri:0, instance:com.testcases.AddressTest@2c35e847]" started-at="2024-02-07T17:25:33 IST" name="setup" finished-at="2024-02-07T17:25:40 IST" duration-ms="7020" status="PASS">
          <reporter-output>
          </reporter-output>
        </test-method> <!-- setup -->
        <test-method signature="delete()[pri:2, instance:com.testcases.AddressTest@2c35e847]" started-at="2024-02-07T17:25:40 IST" name="delete" finished-at="2024-02-07T17:25:45 IST" duration-ms="4542" status="PASS">
          <reporter-output>
          </reporter-output>
        </test-method> <!-- delete -->
        <test-method is-config="true" signature="teardown()[pri:0, instance:com.testcases.AddressTest@2c35e847]" started-at="2024-02-07T17:25:45 IST" name="teardown" finished-at="2024-02-07T17:25:45 IST" duration-ms="336" status="PASS">
          <reporter-output>
          </reporter-output>
        </test-method> <!-- teardown -->
      </class> <!-- com.testcases.AddressTest -->
    </test> <!-- Default test -->
  </suite> <!-- Default suite -->
</testng-results>
