<?xml version="1.0" encoding="UTF-8"?>
<testng-results ignored="0" total="1" passed="1" failed="0" skipped="0">
  <reporter-output>
  </reporter-output>
  <suite started-at="2024-01-09T11:18:52 IST" name="Default suite" finished-at="2024-01-09T11:19:02 IST" duration-ms="9817">
    <groups>
    </groups>
    <test started-at="2024-01-09T11:18:52 IST" name="Default test" finished-at="2024-01-09T11:19:02 IST" duration-ms="9817">
      <class name="com.testcases.Equarztest">
        <test-method is-config="true" signature="setup()[pri:0, instance:com.testcases.Equarztest@783a467b]" started-at="2024-01-09T11:18:54 IST" name="setup" finished-at="2024-01-09T11:18:58 IST" duration-ms="3765" status="PASS">
          <reporter-output>
          </reporter-output>
        </test-method> <!-- setup -->
        <test-method signature="verifylogin(java.lang.String,java.lang.String)[pri:0, instance:com.testcases.Equarztest@783a467b]" started-at="2024-01-09T11:18:58 IST" name="verifylogin" data-provider="testdata" finished-at="2024-01-09T11:19:02 IST" duration-ms="4657" status="PASS">
          <params>
            <param index="0">
              <value>
                <![CDATA[thogurubhagyaraj990@gmail.com]]>
              </value>
            </param>
            <param index="1">
              <value>
                <![CDATA[123456789]]>
              </value>
            </param>
          </params>
          <reporter-output>
          </reporter-output>
        </test-method> <!-- verifylogin -->
      </class> <!-- com.testcases.Equarztest -->
    </test> <!-- Default test -->
  </suite> <!-- Default suite -->
</testng-results>
