<?xml version="1.0" encoding="UTF-8"?>
<!-- Generated by org.testng.reporters.JUnitReportReporter -->
<testsuite hostname="DESKTOP-FGDIIP2" failures="0" tests="2" name="com.testcases.SearchTests" time="47.550" errors="2" timestamp="2024-01-14T12:30:42 IST" skipped="0">
  <testcase classname="com.testcases.SearchTests" name="verifyautosuggestions" time="22.978">
    <error type="java.lang.StackOverflowError">
      <![CDATA[java.lang.StackOverflowError
at com.PageObjectModel.SearchFunction.getautosuggestions(SearchFunction.java:38)
at com.PageObjectModel.SearchFunction.getautosuggestions(SearchFunction.java:38)
at com.PageObjectModel.SearchFunction.getautosuggestions(SearchFunction.java:38)
at com.PageObjectModel.SearchFunction.getautosuggestions(SearchFunction.java:38)
at com.PageObjectModel.SearchFunction.getautosuggestions(SearchFunction.java:38)
at com.PageObjectModel.SearchFunction.getautosuggestions(SearchFunction.java:38)
at com.PageObjectModel.SearchFunction.getautosuggestions(SearchFunction.java:38)
at com.PageObjectModel.SearchFunction.getautosuggestions(SearchFunction.java:38)
at com.PageObjectModel.SearchFunction.getautosuggestions(SearchFunction.java:38)
at com.PageObjectModel.SearchFunction.getautosuggestions(SearchFunction.java:38)
at com.PageObjectModel.SearchFunction.getautosuggestions(SearchFunction.java:38)
at com.PageObjectModel.SearchFunction.getautosuggestions(SearchFunction.java:38)
at com.PageObjectModel.SearchFunction.getautosuggestions(SearchFunction.java:38)
at com.PageObjectModel.SearchFunction.getautosuggestions(SearchFunction.java:38)
at com.PageObjectModel.SearchFunction.getautosuggestions(SearchFunction.java:38)
at com.PageObjectModel.SearchFunction.getautosuggestions(SearchFunction.java:38)
at com.PageObjectModel.SearchFunction.getautosuggestions(SearchFunction.java:38)
at com.PageObjectModel.SearchFunction.getautosuggestions(SearchFunction.java:38)
at com.PageObjectModel.SearchFunction.getautosuggestions(SearchFunction.java:38)
at com.PageObjectModel.SearchFunction.getautosuggestions(SearchFunction.java:38)
at com.PageObjectModel.SearchFunction.getautosuggestions(SearchFunction.java:38)
at com.PageObjectModel.SearchFunction.getautosuggestions(SearchFunction.java:38)
at com.PageObjectModel.SearchFunction.getautosuggestions(SearchFunction.java:38)
at com.PageObjectModel.SearchFunction.getautosuggestions(SearchFunction.java:38)
at com.PageObjectModel.SearchFunction.getautosuggestions(SearchFunction.java:38)
at com.PageObjectModel.SearchFunction.getautosuggestions(SearchFunction.java:38)
at com.PageObjectModel.SearchFunction.getautosuggestions(SearchFunction.java:38)
at com.PageObjectModel.SearchFunction.getautosuggestions(SearchFunction.java:38)
at com.PageObjectModel.SearchFunction.getautosuggestions(SearchFunction.java:38)
at com.PageObjectModel.SearchFunction.getautosuggestions(SearchFunction.java:38)
at com.PageObjectModel.SearchFunction.getautosuggestions(SearchFunction.java:38)
at com.PageObjectModel.SearchFunction.getautosuggestions(SearchFunction.java:38)
at com.PageObjectModel.SearchFunction.getautosuggestions(SearchFunction.java:38)
at com.PageObjectModel.SearchFunction.getautosuggestions(SearchFunction.java:38)
at com.PageObjectModel.SearchFunction.getautosuggestions(SearchFunction.java:38)
at com.PageObjectModel.SearchFunction.getautosuggestions(SearchFunction.java:38)
at com.PageObjectModel.SearchFunction.getautosuggestions(SearchFunction.java:38)
at com.PageObjectModel.SearchFunction.getautosuggestions(SearchFunction.java:38)
at com.PageObjectModel.SearchFunction.getautosuggestions(SearchFunction.java:38)
at com.PageObjectModel.SearchFunction.getautosuggestions(SearchFunction.java:38)
at com.PageObjectModel.SearchFunction.getautosuggestions(SearchFunction.java:38)
at com.PageObjectModel.SearchFunction.getautosuggestions(SearchFunction.java:38)
at com.PageObjectModel.SearchFunction.getautosuggestions(SearchFunction.java:38)
at com.PageObjectModel.SearchFunction.getautosuggestions(SearchFunction.java:38)
at com.PageObjectModel.SearchFunction.getautosuggestions(SearchFunction.java:38)
at com.PageObjectModel.SearchFunction.getautosuggestions(SearchFunction.java:38)
at com.PageObjectModel.SearchFunction.getautosuggestions(SearchFunction.java:38)
at com.PageObjectModel.SearchFunction.getautosuggestions(SearchFunction.java:38)
at com.PageObjectModel.SearchFunction.getautosuggestions(SearchFunction.java:38)
at com.PageObjectModel.SearchFunction.getautosuggestions(SearchFunction.java:38)
at com.PageObjectModel.SearchFunction.getautosuggestions(SearchFunction.java:38)
at com.PageObjectModel.SearchFunction.getautosuggestions(SearchFunction.java:38)
at com.PageObjectModel.SearchFunction.getautosuggestions(SearchFunction.java:38)
at com.PageObjectModel.SearchFunction.getautosuggestions(SearchFunction.java:38)
at com.PageObjectModel.SearchFunction.getautosuggestions(SearchFunction.java:38)
at com.PageObjectModel.SearchFunction.getautosuggestions(SearchFunction.java:38)
at com.PageObjectModel.SearchFunction.getautosuggestions(SearchFunction.java:38)
at com.PageObjectModel.SearchFunction.getautosuggestions(SearchFunction.java:38)
at com.PageObjectModel.SearchFunction.getautosuggestions(SearchFunction.java:38)
at com.PageObjectModel.SearchFunction.getautosuggestions(SearchFunction.java:38)
at com.PageObjectModel.SearchFunction.getautosuggestions(SearchFunction.java:38)
at com.PageObjectModel.SearchFunction.getautosuggestions(SearchFunction.java:38)
at com.PageObjectModel.SearchFunction.getautosuggestions(SearchFunction.java:38)
at com.PageObjectModel.SearchFunction.getautosuggestions(SearchFunction.java:38)
at com.PageObjectModel.SearchFunction.getautosuggestions(SearchFunction.java:38)
at com.PageObjectModel.SearchFunction.getautosuggestions(SearchFunction.java:38)
at com.PageObjectModel.SearchFunction.getautosuggestions(SearchFunction.java:38)
at com.PageObjectModel.SearchFunction.getautosuggestions(SearchFunction.java:38)
at com.PageObjectModel.SearchFunction.getautosuggestions(SearchFunction.java:38)
at com.PageObjectModel.SearchFunction.getautosuggestions(SearchFunction.java:38)
at com.PageObjectModel.SearchFunction.getautosuggestions(SearchFunction.java:38)
at com.PageObjectModel.SearchFunction.getautosuggestions(SearchFunction.java:38)
at com.PageObjectModel.SearchFunction.getautosuggestions(SearchFunction.java:38)
at com.PageObjectModel.SearchFunction.getautosuggestions(SearchFunction.java:38)
at com.PageObjectModel.SearchFunction.getautosuggestions(SearchFunction.java:38)
at com.PageObjectModel.SearchFunction.getautosuggestions(SearchFunction.java:38)
at com.PageObjectModel.SearchFunction.getautosuggestions(SearchFunction.java:38)
at com.PageObjectModel.SearchFunction.getautosuggestions(SearchFunction.java:38)
at com.PageObjectModel.SearchFunction.getautosuggestions(SearchFunction.java:38)
at com.PageObjectModel.SearchFunction.getautosuggestions(SearchFunction.java:38)
at com.PageObjectModel.SearchFunction.getautosuggestions(SearchFunction.java:38)
at com.PageObjectModel.SearchFunction.getautosuggestions(SearchFunction.java:38)
at com.PageObjectModel.SearchFunction.getautosuggestions(SearchFunction.java:38)
at com.PageObjectModel.SearchFunction.getautosuggestions(SearchFunction.java:38)
at com.PageObjectModel.SearchFunction.getautosuggestions(SearchFunction.java:38)
at com.PageObjectModel.SearchFunction.getautosuggestions(SearchFunction.java:38)
at com.PageObjectModel.SearchFunction.getautosuggestions(SearchFunction.java:38)
at com.PageObjectModel.SearchFunction.getautosuggestions(SearchFunction.java:38)
at com.PageObjectModel.SearchFunction.getautosuggestions(SearchFunction.java:38)
at com.PageObjectModel.SearchFunction.getautosuggestions(SearchFunction.java:38)
at com.PageObjectModel.SearchFunction.getautosuggestions(SearchFunction.java:38)
at com.PageObjectModel.SearchFunction.getautosuggestions(SearchFunction.java:38)
at com.PageObjectModel.SearchFunction.getautosuggestions(SearchFunction.java:38)
at com.PageObjectModel.SearchFunction.getautosuggestions(SearchFunction.java:38)
at com.PageObjectModel.SearchFunction.getautosuggestions(SearchFunction.java:38)
at com.PageObjectModel.SearchFunction.getautosuggestions(SearchFunction.java:38)
at com.PageObjectModel.SearchFunction.getautosuggestions(SearchFunction.java:38)
at com.PageObjectModel.SearchFunction.getautosuggestions(SearchFunction.java:38)
at com.PageObjectModel.SearchFunction.getautosuggestions(SearchFunction.java:38)
at com.PageObjectModel.SearchFunction.getautosuggestions(SearchFunction.java:38)
at com.PageObjectModel.SearchFunction.getautosuggestions(SearchFunction.java:38)
at com.PageObjectModel.SearchFunction.getautosuggestions(SearchFunction.java:38)
at com.PageObjectModel.SearchFunction.getautosuggestions(SearchFunction.java:38)
at com.PageObjectModel.SearchFunction.getautosuggestions(SearchFunction.java:38)
at com.PageObjectModel.SearchFunction.getautosuggestions(SearchFunction.java:38)
at com.PageObjectModel.SearchFunction.getautosuggestions(SearchFunction.java:38)
at com.PageObjectModel.SearchFunction.getautosuggestions(SearchFunction.java:38)
at com.PageObjectModel.SearchFunction.getautosuggestions(SearchFunction.java:38)
at com.PageObjectModel.SearchFunction.getautosuggestions(SearchFunction.java:38)
at com.PageObjectModel.SearchFunction.getautosuggestions(SearchFunction.java:38)
at com.PageObjectModel.SearchFunction.getautosuggestions(SearchFunction.java:38)
at com.PageObjectModel.SearchFunction.getautosuggestions(SearchFunction.java:38)
at com.PageObjectModel.SearchFunction.getautosuggestions(SearchFunction.java:38)
at com.PageObjectModel.SearchFunction.getautosuggestions(SearchFunction.java:38)
at com.PageObjectModel.SearchFunction.getautosuggestions(SearchFunction.java:38)
at com.PageObjectModel.SearchFunction.getautosuggestions(SearchFunction.java:38)
at com.PageObjectModel.SearchFunction.getautosuggestions(SearchFunction.java:38)
at com.PageObjectModel.SearchFunction.getautosuggestions(SearchFunction.java:38)
at com.PageObjectModel.SearchFunction.getautosuggestions(SearchFunction.java:38)
at com.PageObjectModel.SearchFunction.getautosuggestions(SearchFunction.java:38)
at com.PageObjectModel.SearchFunction.getautosuggestions(SearchFunction.java:38)
at com.PageObjectModel.SearchFunction.getautosuggestions(SearchFunction.java:38)
at com.PageObjectModel.SearchFunction.getautosuggestions(SearchFunction.java:38)
at com.PageObjectModel.SearchFunction.getautosuggestions(SearchFunction.java:38)
at com.PageObjectModel.SearchFunction.getautosuggestions(SearchFunction.java:38)
at com.PageObjectModel.SearchFunction.getautosuggestions(SearchFunction.java:38)
at com.PageObjectModel.SearchFunction.getautosuggestions(SearchFunction.java:38)
at com.PageObjectModel.SearchFunction.getautosuggestions(SearchFunction.java:38)
at com.PageObjectModel.SearchFunction.getautosuggestions(SearchFunction.java:38)
at com.PageObjectModel.SearchFunction.getautosuggestions(SearchFunction.java:38)
at com.PageObjectModel.SearchFunction.getautosuggestions(SearchFunction.java:38)
at com.PageObjectModel.SearchFunction.getautosuggestions(SearchFunction.java:38)
at com.PageObjectModel.SearchFunction.getautosuggestions(SearchFunction.java:38)
at com.PageObjectModel.SearchFunction.getautosuggestions(SearchFunction.java:38)
at com.PageObjectModel.SearchFunction.getautosuggestions(SearchFunction.java:38)
at com.PageObjectModel.SearchFunction.getautosuggestions(SearchFunction.java:38)
at com.PageObjectModel.SearchFunction.getautosuggestions(SearchFunction.java:38)
at com.PageObjectModel.SearchFunction.getautosuggestions(SearchFunction.java:38)
at com.PageObjectModel.SearchFunction.getautosuggestions(SearchFunction.java:38)
at com.PageObjectModel.SearchFunction.getautosuggestions(SearchFunction.java:38)
at com.PageObjectModel.SearchFunction.getautosuggestions(SearchFunction.java:38)
at com.PageObjectModel.SearchFunction.getautosuggestions(SearchFunction.java:38)
at com.PageObjectModel.SearchFunction.getautosuggestions(SearchFunction.java:38)
at com.PageObjectModel.SearchFunction.getautosuggestions(SearchFunction.java:38)
at com.PageObjectModel.SearchFunction.getautosuggestions(SearchFunction.java:38)
at com.PageObjectModel.SearchFunction.getautosuggestions(SearchFunction.java:38)
at com.PageObjectModel.SearchFunction.getautosuggestions(SearchFunction.java:38)
at com.PageObjectModel.SearchFunction.getautosuggestions(SearchFunction.java:38)
at com.PageObjectModel.SearchFunction.getautosuggestions(SearchFunction.java:38)
at com.PageObjectModel.SearchFunction.getautosuggestions(SearchFunction.java:38)
at com.PageObjectModel.SearchFunction.getautosuggestions(SearchFunction.java:38)
at com.PageObjectModel.SearchFunction.getautosuggestions(SearchFunction.java:38)
at com.PageObjectModel.SearchFunction.getautosuggestions(SearchFunction.java:38)
at com.PageObjectModel.SearchFunction.getautosuggestions(SearchFunction.java:38)
at com.PageObjectModel.SearchFunction.getautosuggestions(SearchFunction.java:38)
at com.PageObjectModel.SearchFunction.getautosuggestions(SearchFunction.java:38)
at com.PageObjectModel.SearchFunction.getautosuggestions(SearchFunction.java:38)
at com.PageObjectModel.SearchFunction.getautosuggestions(SearchFunction.java:38)
at com.PageObjectModel.SearchFunction.getautosuggestions(SearchFunction.java:38)
at com.PageObjectModel.SearchFunction.getautosuggestions(SearchFunction.java:38)
at com.PageObjectModel.SearchFunction.getautosuggestions(SearchFunction.java:38)
at com.PageObjectModel.SearchFunction.getautosuggestions(SearchFunction.java:38)
at com.PageObjectModel.SearchFunction.getautosuggestions(SearchFunction.java:38)
at com.PageObjectModel.SearchFunction.getautosuggestions(SearchFunction.java:38)
at com.PageObjectModel.SearchFunction.getautosuggestions(SearchFunction.java:38)
at com.PageObjectModel.SearchFunction.getautosuggestions(SearchFunction.java:38)
at com.PageObjectModel.SearchFunction.getautosuggestions(SearchFunction.java:38)
at com.PageObjectModel.SearchFunction.getautosuggestions(SearchFunction.java:38)
at com.PageObjectModel.SearchFunction.getautosuggestions(SearchFunction.java:38)
at com.PageObjectModel.SearchFunction.getautosuggestions(SearchFunction.java:38)
at com.PageObjectModel.SearchFunction.getautosuggestions(SearchFunction.java:38)
at com.PageObjectModel.SearchFunction.getautosuggestions(SearchFunction.java:38)
at com.PageObjectModel.SearchFunction.getautosuggestions(SearchFunction.java:38)
at com.PageObjectModel.SearchFunction.getautosuggestions(SearchFunction.java:38)
at com.PageObjectModel.SearchFunction.getautosuggestions(SearchFunction.java:38)
at com.PageObjectModel.SearchFunction.getautosuggestions(SearchFunction.java:38)
at com.PageObjectModel.SearchFunction.getautosuggestions(SearchFunction.java:38)
at com.PageObjectModel.SearchFunction.getautosuggestions(SearchFunction.java:38)
at com.PageObjectModel.SearchFunction.getautosuggestions(SearchFunction.java:38)
at com.PageObjectModel.SearchFunction.getautosuggestions(SearchFunction.java:38)
at com.PageObjectModel.SearchFunction.getautosuggestions(SearchFunction.java:38)
at com.PageObjectModel.SearchFunction.getautosuggestions(SearchFunction.java:38)
at com.PageObjectModel.SearchFunction.getautosuggestions(SearchFunction.java:38)
at com.PageObjectModel.SearchFunction.getautosuggestions(SearchFunction.java:38)
at com.PageObjectModel.SearchFunction.getautosuggestions(SearchFunction.java:38)
at com.PageObjectModel.SearchFunction.getautosuggestions(SearchFunction.java:38)
at com.PageObjectModel.SearchFunction.getautosuggestions(SearchFunction.java:38)
at com.PageObjectModel.SearchFunction.getautosuggestions(SearchFunction.java:38)
at com.PageObjectModel.SearchFunction.getautosuggestions(SearchFunction.java:38)
at com.PageObjectModel.SearchFunction.getautosuggestions(SearchFunction.java:38)
at com.PageObjectModel.SearchFunction.getautosuggestions(SearchFunction.java:38)
at com.PageObjectModel.SearchFunction.getautosuggestions(SearchFunction.java:38)
at com.PageObjectModel.SearchFunction.getautosuggestions(SearchFunction.java:38)
at com.PageObjectModel.SearchFunction.getautosuggestions(SearchFunction.java:38)
at com.PageObjectModel.SearchFunction.getautosuggestions(SearchFunction.java:38)
at com.PageObjectModel.SearchFunction.getautosuggestions(SearchFunction.java:38)
at com.PageObjectModel.SearchFunction.getautosuggestions(SearchFunction.java:38)
at com.PageObjectModel.SearchFunction.getautosuggestions(SearchFunction.java:38)
at com.PageObjectModel.SearchFunction.getautosuggestions(SearchFunction.java:38)
at com.PageObjectModel.SearchFunction.getautosuggestions(SearchFunction.java:38)
at com.PageObjectModel.SearchFunction.getautosuggestions(SearchFunction.java:38)
at com.PageObjectModel.SearchFunction.getautosuggestions(SearchFunction.java:38)
at com.PageObjectModel.SearchFunction.getautosuggestions(SearchFunction.java:38)
at com.PageObjectModel.SearchFunction.getautosuggestions(SearchFunction.java:38)
at com.PageObjectModel.SearchFunction.getautosuggestions(SearchFunction.java:38)
at com.PageObjectModel.SearchFunction.getautosuggestions(SearchFunction.java:38)
at com.PageObjectModel.SearchFunction.getautosuggestions(SearchFunction.java:38)
at com.PageObjectModel.SearchFunction.getautosuggestions(SearchFunction.java:38)
at com.PageObjectModel.SearchFunction.getautosuggestions(SearchFunction.java:38)
at com.PageObjectModel.SearchFunction.getautosuggestions(SearchFunction.java:38)
at com.PageObjectModel.SearchFunction.getautosuggestions(SearchFunction.java:38)
at com.PageObjectModel.SearchFunction.getautosuggestions(SearchFunction.java:38)
at com.PageObjectModel.SearchFunction.getautosuggestions(SearchFunction.java:38)
at com.PageObjectModel.SearchFunction.getautosuggestions(SearchFunction.java:38)
at com.PageObjectModel.SearchFunction.getautosuggestions(SearchFunction.java:38)
at com.PageObjectModel.SearchFunction.getautosuggestions(SearchFunction.java:38)
at com.PageObjectModel.SearchFunction.getautosuggestions(SearchFunction.java:38)
at com.PageObjectModel.SearchFunction.getautosuggestions(SearchFunction.java:38)
at com.PageObjectModel.SearchFunction.getautosuggestions(SearchFunction.java:38)
at com.PageObjectModel.SearchFunction.getautosuggestions(SearchFunction.java:38)
at com.PageObjectModel.SearchFunction.getautosuggestions(SearchFunction.java:38)
at com.PageObjectModel.SearchFunction.getautosuggestions(SearchFunction.java:38)
at com.PageObjectModel.SearchFunction.getautosuggestions(SearchFunction.java:38)
at com.PageObjectModel.SearchFunction.getautosuggestions(SearchFunction.java:38)
at com.PageObjectModel.SearchFunction.getautosuggestions(SearchFunction.java:38)
at com.PageObjectModel.SearchFunction.getautosuggestions(SearchFunction.java:38)
at com.PageObjectModel.SearchFunction.getautosuggestions(SearchFunction.java:38)
at com.PageObjectModel.SearchFunction.getautosuggestions(SearchFunction.java:38)
at com.PageObjectModel.SearchFunction.getautosuggestions(SearchFunction.java:38)
at com.PageObjectModel.SearchFunction.getautosuggestions(SearchFunction.java:38)
at com.PageObjectModel.SearchFunction.getautosuggestions(SearchFunction.java:38)
at com.PageObjectModel.SearchFunction.getautosuggestions(SearchFunction.java:38)
at com.PageObjectModel.SearchFunction.getautosuggestions(SearchFunction.java:38)
at com.PageObjectModel.SearchFunction.getautosuggestions(SearchFunction.java:38)
at com.PageObjectModel.SearchFunction.getautosuggestions(SearchFunction.java:38)
at com.PageObjectModel.SearchFunction.getautosuggestions(SearchFunction.java:38)
at com.PageObjectModel.SearchFunction.getautosuggestions(SearchFunction.java:38)
at com.PageObjectModel.SearchFunction.getautosuggestions(SearchFunction.java:38)
at com.PageObjectModel.SearchFunction.getautosuggestions(SearchFunction.java:38)
at com.PageObjectModel.SearchFunction.getautosuggestions(SearchFunction.java:38)
at com.PageObjectModel.SearchFunction.getautosuggestions(SearchFunction.java:38)
at com.PageObjectModel.SearchFunction.getautosuggestions(SearchFunction.java:38)
at com.PageObjectModel.SearchFunction.getautosuggestions(SearchFunction.java:38)
at com.PageObjectModel.SearchFunction.getautosuggestions(SearchFunction.java:38)
at com.PageObjectModel.SearchFunction.getautosuggestions(SearchFunction.java:38)
at com.PageObjectModel.SearchFunction.getautosuggestions(SearchFunction.java:38)
at com.PageObjectModel.SearchFunction.getautosuggestions(SearchFunction.java:38)
at com.PageObjectModel.SearchFunction.getautosuggestions(SearchFunction.java:38)
at com.PageObjectModel.SearchFunction.getautosuggestions(SearchFunction.java:38)
at com.PageObjectModel.SearchFunction.getautosuggestions(SearchFunction.java:38)
at com.PageObjectModel.SearchFunction.getautosuggestions(SearchFunction.java:38)
at com.PageObjectModel.SearchFunction.getautosuggestions(SearchFunction.java:38)
at com.PageObjectModel.SearchFunction.getautosuggestions(SearchFunction.java:38)
at com.PageObjectModel.SearchFunction.getautosuggestions(SearchFunction.java:38)
at com.PageObjectModel.SearchFunction.getautosuggestions(SearchFunction.java:38)
at com.PageObjectModel.SearchFunction.getautosuggestions(SearchFunction.java:38)
at com.PageObjectModel.SearchFunction.getautosuggestions(SearchFunction.java:38)
at com.PageObjectModel.SearchFunction.getautosuggestions(SearchFunction.java:38)
at com.PageObjectModel.SearchFunction.getautosuggestions(SearchFunction.java:38)
at com.PageObjectModel.SearchFunction.getautosuggestions(SearchFunction.java:38)
at com.PageObjectModel.SearchFunction.getautosuggestions(SearchFunction.java:38)
at com.PageObjectModel.SearchFunction.getautosuggestions(SearchFunction.java:38)
at com.PageObjectModel.SearchFunction.getautosuggestions(SearchFunction.java:38)
at com.PageObjectModel.SearchFunction.getautosuggestions(SearchFunction.java:38)
at com.PageObjectModel.SearchFunction.getautosuggestions(SearchFunction.java:38)
at com.PageObjectModel.SearchFunction.getautosuggestions(SearchFunction.java:38)
at com.PageObjectModel.SearchFunction.getautosuggestions(SearchFunction.java:38)
at com.PageObjectModel.SearchFunction.getautosuggestions(SearchFunction.java:38)
at com.PageObjectModel.SearchFunction.getautosuggestions(SearchFunction.java:38)
at com.PageObjectModel.SearchFunction.getautosuggestions(SearchFunction.java:38)
at com.PageObjectModel.SearchFunction.getautosuggestions(SearchFunction.java:38)
at com.PageObjectModel.SearchFunction.getautosuggestions(SearchFunction.java:38)
at com.PageObjectModel.SearchFunction.getautosuggestions(SearchFunction.java:38)
at com.PageObjectModel.SearchFunction.getautosuggestions(SearchFunction.java:38)
at com.PageObjectModel.SearchFunction.getautosuggestions(SearchFunction.java:38)
at com.PageObjectModel.SearchFunction.getautosuggestions(SearchFunction.java:38)
at com.PageObjectModel.SearchFunction.getautosuggestions(SearchFunction.java:38)
at com.PageObjectModel.SearchFunction.getautosuggestions(SearchFunction.java:38)
at com.PageObjectModel.SearchFunction.getautosuggestions(SearchFunction.java:38)
at com.PageObjectModel.SearchFunction.getautosuggestions(SearchFunction.java:38)
at com.PageObjectModel.SearchFunction.getautosuggestions(SearchFunction.java:38)
at com.PageObjectModel.SearchFunction.getautosuggestions(SearchFunction.java:38)
at com.PageObjectModel.SearchFunction.getautosuggestions(SearchFunction.java:38)
at com.PageObjectModel.SearchFunction.getautosuggestions(SearchFunction.java:38)
at com.PageObjectModel.SearchFunction.getautosuggestions(SearchFunction.java:38)
at com.PageObjectModel.SearchFunction.getautosuggestions(SearchFunction.java:38)
at com.PageObjectModel.SearchFunction.getautosuggestions(SearchFunction.java:38)
at com.PageObjectModel.SearchFunction.getautosuggestions(SearchFunction.java:38)
at com.PageObjectModel.SearchFunction.getautosuggestions(SearchFunction.java:38)
at com.PageObjectModel.SearchFunction.getautosuggestions(SearchFunction.java:38)
at com.PageObjectModel.SearchFunction.getautosuggestions(SearchFunction.java:38)
at com.PageObjectModel.SearchFunction.getautosuggestions(SearchFunction.java:38)
at com.PageObjectModel.SearchFunction.getautosuggestions(SearchFunction.java:38)
at com.PageObjectModel.SearchFunction.getautosuggestions(SearchFunction.java:38)
at com.PageObjectModel.SearchFunction.getautosuggestions(SearchFunction.java:38)
at com.PageObjectModel.SearchFunction.getautosuggestions(SearchFunction.java:38)
at com.PageObjectModel.SearchFunction.getautosuggestions(SearchFunction.java:38)
at com.PageObjectModel.SearchFunction.getautosuggestions(SearchFunction.java:38)
at com.PageObjectModel.SearchFunction.getautosuggestions(SearchFunction.java:38)
at com.PageObjectModel.SearchFunction.getautosuggestions(SearchFunction.java:38)
at com.PageObjectModel.SearchFunction.getautosuggestions(SearchFunction.java:38)
at com.PageObjectModel.SearchFunction.getautosuggestions(SearchFunction.java:38)
at com.PageObjectModel.SearchFunction.getautosuggestions(SearchFunction.java:38)
at com.PageObjectModel.SearchFunction.getautosuggestions(SearchFunction.java:38)
at com.PageObjectModel.SearchFunction.getautosuggestions(SearchFunction.java:38)
at com.PageObjectModel.SearchFunction.getautosuggestions(SearchFunction.java:38)
at com.PageObjectModel.SearchFunction.getautosuggestions(SearchFunction.java:38)
at com.PageObjectModel.SearchFunction.getautosuggestions(SearchFunction.java:38)
at com.PageObjectModel.SearchFunction.getautosuggestions(SearchFunction.java:38)
at com.PageObjectModel.SearchFunction.getautosuggestions(SearchFunction.java:38)
at com.PageObjectModel.SearchFunction.getautosuggestions(SearchFunction.java:38)
at com.PageObjectModel.SearchFunction.getautosuggestions(SearchFunction.java:38)
at com.PageObjectModel.SearchFunction.getautosuggestions(SearchFunction.java:38)
at com.PageObjectModel.SearchFunction.getautosuggestions(SearchFunction.java:38)
at com.PageObjectModel.SearchFunction.getautosuggestions(SearchFunction.java:38)
at com.PageObjectModel.SearchFunction.getautosuggestions(SearchFunction.java:38)
at com.PageObjectModel.SearchFunction.getautosuggestions(SearchFunction.java:38)
at com.PageObjectModel.SearchFunction.getautosuggestions(SearchFunction.java:38)
at com.PageObjectModel.SearchFunction.getautosuggestions(SearchFunction.java:38)
at com.PageObjectModel.SearchFunction.getautosuggestions(SearchFunction.java:38)
at com.PageObjectModel.SearchFunction.getautosuggestions(SearchFunction.java:38)
at com.PageObjectModel.SearchFunction.getautosuggestions(SearchFunction.java:38)
at com.PageObjectModel.SearchFunction.getautosuggestions(SearchFunction.java:38)
at com.PageObjectModel.SearchFunction.getautosuggestions(SearchFunction.java:38)
at com.PageObjectModel.SearchFunction.getautosuggestions(SearchFunction.java:38)
at com.PageObjectModel.SearchFunction.getautosuggestions(SearchFunction.java:38)
at com.PageObjectModel.SearchFunction.getautosuggestions(SearchFunction.java:38)
at com.PageObjectModel.SearchFunction.getautosuggestions(SearchFunction.java:38)
at com.PageObjectModel.SearchFunction.getautosuggestions(SearchFunction.java:38)
at com.PageObjectModel.SearchFunction.getautosuggestions(SearchFunction.java:38)
at com.PageObjectModel.SearchFunction.getautosuggestions(SearchFunction.java:38)
at com.PageObjectModel.SearchFunction.getautosuggestions(SearchFunction.java:38)
at com.PageObjectModel.SearchFunction.getautosuggestions(SearchFunction.java:38)
at com.PageObjectModel.SearchFunction.getautosuggestions(SearchFunction.java:38)
at com.PageObjectModel.SearchFunction.getautosuggestions(SearchFunction.java:38)
at com.PageObjectModel.SearchFunction.getautosuggestions(SearchFunction.java:38)
at com.PageObjectModel.SearchFunction.getautosuggestions(SearchFunction.java:38)
at com.PageObjectModel.SearchFunction.getautosuggestions(SearchFunction.java:38)
at com.PageObjectModel.SearchFunction.getautosuggestions(SearchFunction.java:38)
at com.PageObjectModel.SearchFunction.getautosuggestions(SearchFunction.java:38)
at com.PageObjectModel.SearchFunction.getautosuggestions(SearchFunction.java:38)
at com.PageObjectModel.SearchFunction.getautosuggestions(SearchFunction.java:38)
at com.PageObjectModel.SearchFunction.getautosuggestions(SearchFunction.java:38)
at com.PageObjectModel.SearchFunction.getautosuggestions(SearchFunction.java:38)
at com.PageObjectModel.SearchFunction.getautosuggestions(SearchFunction.java:38)
at com.PageObjectModel.SearchFunction.getautosuggestions(SearchFunction.java:38)
at com.PageObjectModel.SearchFunction.getautosuggestions(SearchFunction.java:38)
at com.PageObjectModel.SearchFunction.getautosuggestions(SearchFunction.java:38)
at com.PageObjectModel.SearchFunction.getautosuggestions(SearchFunction.java:38)
at com.PageObjectModel.SearchFunction.getautosuggestions(SearchFunction.java:38)
at com.PageObjectModel.SearchFunction.getautosuggestions(SearchFunction.java:38)
at com.PageObjectModel.SearchFunction.getautosuggestions(SearchFunction.java:38)
at com.PageObjectModel.SearchFunction.getautosuggestions(SearchFunction.java:38)
at com.PageObjectModel.SearchFunction.getautosuggestions(SearchFunction.java:38)
at com.PageObjectModel.SearchFunction.getautosuggestions(SearchFunction.java:38)
at com.PageObjectModel.SearchFunction.getautosuggestions(SearchFunction.java:38)
at com.PageObjectModel.SearchFunction.getautosuggestions(SearchFunction.java:38)
at com.PageObjectModel.SearchFunction.getautosuggestions(SearchFunction.java:38)
at com.PageObjectModel.SearchFunction.getautosuggestions(SearchFunction.java:38)
at com.PageObjectModel.SearchFunction.getautosuggestions(SearchFunction.java:38)
at com.PageObjectModel.SearchFunction.getautosuggestions(SearchFunction.java:38)
at com.PageObjectModel.SearchFunction.getautosuggestions(SearchFunction.java:38)
at com.PageObjectModel.SearchFunction.getautosuggestions(SearchFunction.java:38)
at com.PageObjectModel.SearchFunction.getautosuggestions(SearchFunction.java:38)
at com.PageObjectModel.SearchFunction.getautosuggestions(SearchFunction.java:38)
at com.PageObjectModel.SearchFunction.getautosuggestions(SearchFunction.java:38)
at com.PageObjectModel.SearchFunction.getautosuggestions(SearchFunction.java:38)
at com.PageObjectModel.SearchFunction.getautosuggestions(SearchFunction.java:38)
at com.PageObjectModel.SearchFunction.getautosuggestions(SearchFunction.java:38)
at com.PageObjectModel.SearchFunction.getautosuggestions(SearchFunction.java:38)
at com.PageObjectModel.SearchFunction.getautosuggestions(SearchFunction.java:38)
at com.PageObjectModel.SearchFunction.getautosuggestions(SearchFunction.java:38)
at com.PageObjectModel.SearchFunction.getautosuggestions(SearchFunction.java:38)
at com.PageObjectModel.SearchFunction.getautosuggestions(SearchFunction.java:38)
at com.PageObjectModel.SearchFunction.getautosuggestions(SearchFunction.java:38)
at com.PageObjectModel.SearchFunction.getautosuggestions(SearchFunction.java:38)
at com.PageObjectModel.SearchFunction.getautosuggestions(SearchFunction.java:38)
at com.PageObjectModel.SearchFunction.getautosuggestions(SearchFunction.java:38)
at com.PageObjectModel.SearchFunction.getautosuggestions(SearchFunction.java:38)
at com.PageObjectModel.SearchFunction.getautosuggestions(SearchFunction.java:38)
at com.PageObjectModel.SearchFunction.getautosuggestions(SearchFunction.java:38)
at com.PageObjectModel.SearchFunction.getautosuggestions(SearchFunction.java:38)
at com.PageObjectModel.SearchFunction.getautosuggestions(SearchFunction.java:38)
at com.PageObjectModel.SearchFunction.getautosuggestions(SearchFunction.java:38)
at com.PageObjectModel.SearchFunction.getautosuggestions(SearchFunction.java:38)
at com.PageObjectModel.SearchFunction.getautosuggestions(SearchFunction.java:38)
at com.PageObjectModel.SearchFunction.getautosuggestions(SearchFunction.java:38)
at com.PageObjectModel.SearchFunction.getautosuggestions(SearchFunction.java:38)
at com.PageObjectModel.SearchFunction.getautosuggestions(SearchFunction.java:38)
at com.PageObjectModel.SearchFunction.getautosuggestions(SearchFunction.java:38)
at com.PageObjectModel.SearchFunction.getautosuggestions(SearchFunction.java:38)
at com.PageObjectModel.SearchFunction.getautosuggestions(SearchFunction.java:38)
at com.PageObjectModel.SearchFunction.getautosuggestions(SearchFunction.java:38)
at com.PageObjectModel.SearchFunction.getautosuggestions(SearchFunction.java:38)
at com.PageObjectModel.SearchFunction.getautosuggestions(SearchFunction.java:38)
at com.PageObjectModel.SearchFunction.getautosuggestions(SearchFunction.java:38)
at com.PageObjectModel.SearchFunction.getautosuggestions(SearchFunction.java:38)
at com.PageObjectModel.SearchFunction.getautosuggestions(SearchFunction.java:38)
at com.PageObjectModel.SearchFunction.getautosuggestions(SearchFunction.java:38)
at com.PageObjectModel.SearchFunction.getautosuggestions(SearchFunction.java:38)
at com.PageObjectModel.SearchFunction.getautosuggestions(SearchFunction.java:38)
at com.PageObjectModel.SearchFunction.getautosuggestions(SearchFunction.java:38)
at com.PageObjectModel.SearchFunction.getautosuggestions(SearchFunction.java:38)
at com.PageObjectModel.SearchFunction.getautosuggestions(SearchFunction.java:38)
at com.PageObjectModel.SearchFunction.getautosuggestions(SearchFunction.java:38)
at com.PageObjectModel.SearchFunction.getautosuggestions(SearchFunction.java:38)
at com.PageObjectModel.SearchFunction.getautosuggestions(SearchFunction.java:38)
at com.PageObjectModel.SearchFunction.getautosuggestions(SearchFunction.java:38)
at com.PageObjectModel.SearchFunction.getautosuggestions(SearchFunction.java:38)
at com.PageObjectModel.SearchFunction.getautosuggestions(SearchFunction.java:38)
at com.PageObjectModel.SearchFunction.getautosuggestions(SearchFunction.java:38)
at com.PageObjectModel.SearchFunction.getautosuggestions(SearchFunction.java:38)
at com.PageObjectModel.SearchFunction.getautosuggestions(SearchFunction.java:38)
at com.PageObjectModel.SearchFunction.getautosuggestions(SearchFunction.java:38)
at com.PageObjectModel.SearchFunction.getautosuggestions(SearchFunction.java:38)
at com.PageObjectModel.SearchFunction.getautosuggestions(SearchFunction.java:38)
at com.PageObjectModel.SearchFunction.getautosuggestions(SearchFunction.java:38)
at com.PageObjectModel.SearchFunction.getautosuggestions(SearchFunction.java:38)
at com.PageObjectModel.SearchFunction.getautosuggestions(SearchFunction.java:38)
at com.PageObjectModel.SearchFunction.getautosuggestions(SearchFunction.java:38)
at com.PageObjectModel.SearchFunction.getautosuggestions(SearchFunction.java:38)
at com.PageObjectModel.SearchFunction.getautosuggestions(SearchFunction.java:38)
at com.PageObjectModel.SearchFunction.getautosuggestions(SearchFunction.java:38)
at com.PageObjectModel.SearchFunction.getautosuggestions(SearchFunction.java:38)
at com.PageObjectModel.SearchFunction.getautosuggestions(SearchFunction.java:38)
at com.PageObjectModel.SearchFunction.getautosuggestions(SearchFunction.java:38)
at com.PageObjectModel.SearchFunction.getautosuggestions(SearchFunction.java:38)
at com.PageObjectModel.SearchFunction.getautosuggestions(SearchFunction.java:38)
at com.PageObjectModel.SearchFunction.getautosuggestions(SearchFunction.java:38)
at com.PageObjectModel.SearchFunction.getautosuggestions(SearchFunction.java:38)
at com.PageObjectModel.SearchFunction.getautosuggestions(SearchFunction.java:38)
at com.PageObjectModel.SearchFunction.getautosuggestions(SearchFunction.java:38)
at com.PageObjectModel.SearchFunction.getautosuggestions(SearchFunction.java:38)
at com.PageObjectModel.SearchFunction.getautosuggestions(SearchFunction.java:38)
at com.PageObjectModel.SearchFunction.getautosuggestions(SearchFunction.java:38)
at com.PageObjectModel.SearchFunction.getautosuggestions(SearchFunction.java:38)
at com.PageObjectModel.SearchFunction.getautosuggestions(SearchFunction.java:38)
at com.PageObjectModel.SearchFunction.getautosuggestions(SearchFunction.java:38)
at com.PageObjectModel.SearchFunction.getautosuggestions(SearchFunction.java:38)
at com.PageObjectModel.SearchFunction.getautosuggestions(SearchFunction.java:38)
at com.PageObjectModel.SearchFunction.getautosuggestions(SearchFunction.java:38)
at com.PageObjectModel.SearchFunction.getautosuggestions(SearchFunction.java:38)
at com.PageObjectModel.SearchFunction.getautosuggestions(SearchFunction.java:38)
at com.PageObjectModel.SearchFunction.getautosuggestions(SearchFunction.java:38)
at com.PageObjectModel.SearchFunction.getautosuggestions(SearchFunction.java:38)
at com.PageObjectModel.SearchFunction.getautosuggestions(SearchFunction.java:38)
at com.PageObjectModel.SearchFunction.getautosuggestions(SearchFunction.java:38)
at com.PageObjectModel.SearchFunction.getautosuggestions(SearchFunction.java:38)
at com.PageObjectModel.SearchFunction.getautosuggestions(SearchFunction.java:38)
at com.PageObjectModel.SearchFunction.getautosuggestions(SearchFunction.java:38)
at com.PageObjectModel.SearchFunction.getautosuggestions(SearchFunction.java:38)
at com.PageObjectModel.SearchFunction.getautosuggestions(SearchFunction.java:38)
at com.PageObjectModel.SearchFunction.getautosuggestions(SearchFunction.java:38)
at com.PageObjectModel.SearchFunction.getautosuggestions(SearchFunction.java:38)
at com.PageObjectModel.SearchFunction.getautosuggestions(SearchFunction.java:38)
at com.PageObjectModel.SearchFunction.getautosuggestions(SearchFunction.java:38)
at com.PageObjectModel.SearchFunction.getautosuggestions(SearchFunction.java:38)
at com.PageObjectModel.SearchFunction.getautosuggestions(SearchFunction.java:38)
at com.PageObjectModel.SearchFunction.getautosuggestions(SearchFunction.java:38)
at com.PageObjectModel.SearchFunction.getautosuggestions(SearchFunction.java:38)
at com.PageObjectModel.SearchFunction.getautosuggestions(SearchFunction.java:38)
at com.PageObjectModel.SearchFunction.getautosuggestions(SearchFunction.java:38)
at com.PageObjectModel.SearchFunction.getautosuggestions(SearchFunction.java:38)
at com.PageObjectModel.SearchFunction.getautosuggestions(SearchFunction.java:38)
at com.PageObjectModel.SearchFunction.getautosuggestions(SearchFunction.java:38)
at com.PageObjectModel.SearchFunction.getautosuggestions(SearchFunction.java:38)
at com.PageObjectModel.SearchFunction.getautosuggestions(SearchFunction.java:38)
at com.PageObjectModel.SearchFunction.getautosuggestions(SearchFunction.java:38)
at com.PageObjectModel.SearchFunction.getautosuggestions(SearchFunction.java:38)
at com.PageObjectModel.SearchFunction.getautosuggestions(SearchFunction.java:38)
at com.PageObjectModel.SearchFunction.getautosuggestions(SearchFunction.java:38)
at com.PageObjectModel.SearchFunction.getautosuggestions(SearchFunction.java:38)
at com.PageObjectModel.SearchFunction.getautosuggestions(SearchFunction.java:38)
at com.PageObjectModel.SearchFunction.getautosuggestions(SearchFunction.java:38)
at com.PageObjectModel.SearchFunction.getautosuggestions(SearchFunction.java:38)
at com.PageObjectModel.SearchFunction.getautosuggestions(SearchFunction.java:38)
at com.PageObjectModel.SearchFunction.getautosuggestions(SearchFunction.java:38)
at com.PageObjectModel.SearchFunction.getautosuggestions(SearchFunction.java:38)
at com.PageObjectModel.SearchFunction.getautosuggestions(SearchFunction.java:38)
at com.PageObjectModel.SearchFunction.getautosuggestions(SearchFunction.java:38)
at com.PageObjectModel.SearchFunction.getautosuggestions(SearchFunction.java:38)
at com.PageObjectModel.SearchFunction.getautosuggestions(SearchFunction.java:38)
at com.PageObjectModel.SearchFunction.getautosuggestions(SearchFunction.java:38)
at com.PageObjectModel.SearchFunction.getautosuggestions(SearchFunction.java:38)
at com.PageObjectModel.SearchFunction.getautosuggestions(SearchFunction.java:38)
at com.PageObjectModel.SearchFunction.getautosuggestions(SearchFunction.java:38)
at com.PageObjectModel.SearchFunction.getautosuggestions(SearchFunction.java:38)
at com.PageObjectModel.SearchFunction.getautosuggestions(SearchFunction.java:38)
at com.PageObjectModel.SearchFunction.getautosuggestions(SearchFunction.java:38)
at com.PageObjectModel.SearchFunction.getautosuggestions(SearchFunction.java:38)
at com.PageObjectModel.SearchFunction.getautosuggestions(SearchFunction.java:38)
at com.PageObjectModel.SearchFunction.getautosuggestions(SearchFunction.java:38)
at com.PageObjectModel.SearchFunction.getautosuggestions(SearchFunction.java:38)
at com.PageObjectModel.SearchFunction.getautosuggestions(SearchFunction.java:38)
at com.PageObjectModel.SearchFunction.getautosuggestions(SearchFunction.java:38)
at com.PageObjectModel.SearchFunction.getautosuggestions(SearchFunction.java:38)
at com.PageObjectModel.SearchFunction.getautosuggestions(SearchFunction.java:38)
at com.PageObjectModel.SearchFunction.getautosuggestions(SearchFunction.java:38)
at com.PageObjectModel.SearchFunction.getautosuggestions(SearchFunction.java:38)
at com.PageObjectModel.SearchFunction.getautosuggestions(SearchFunction.java:38)
at com.PageObjectModel.SearchFunction.getautosuggestions(SearchFunction.java:38)
at com.PageObjectModel.SearchFunction.getautosuggestions(SearchFunction.java:38)
at com.PageObjectModel.SearchFunction.getautosuggestions(SearchFunction.java:38)
at com.PageObjectModel.SearchFunction.getautosuggestions(SearchFunction.java:38)
at com.PageObjectModel.SearchFunction.getautosuggestions(SearchFunction.java:38)
at com.PageObjectModel.SearchFunction.getautosuggestions(SearchFunction.java:38)
at com.PageObjectModel.SearchFunction.getautosuggestions(SearchFunction.java:38)
at com.PageObjectModel.SearchFunction.getautosuggestions(SearchFunction.java:38)
at com.PageObjectModel.SearchFunction.getautosuggestions(SearchFunction.java:38)
at com.PageObjectModel.SearchFunction.getautosuggestions(SearchFunction.java:38)
at com.PageObjectModel.SearchFunction.getautosuggestions(SearchFunction.java:38)
at com.PageObjectModel.SearchFunction.getautosuggestions(SearchFunction.java:38)
at com.PageObjectModel.SearchFunction.getautosuggestions(SearchFunction.java:38)
at com.PageObjectModel.SearchFunction.getautosuggestions(SearchFunction.java:38)
at com.PageObjectModel.SearchFunction.getautosuggestions(SearchFunction.java:38)
at com.PageObjectModel.SearchFunction.getautosuggestions(SearchFunction.java:38)
at com.PageObjectModel.SearchFunction.getautosuggestions(SearchFunction.java:38)
at com.PageObjectModel.SearchFunction.getautosuggestions(SearchFunction.java:38)
at com.PageObjectModel.SearchFunction.getautosuggestions(SearchFunction.java:38)
at com.PageObjectModel.SearchFunction.getautosuggestions(SearchFunction.java:38)
at com.PageObjectModel.SearchFunction.getautosuggestions(SearchFunction.java:38)
at com.PageObjectModel.SearchFunction.getautosuggestions(SearchFunction.java:38)
at com.PageObjectModel.SearchFunction.getautosuggestions(SearchFunction.java:38)
at com.PageObjectModel.SearchFunction.getautosuggestions(SearchFunction.java:38)
at com.PageObjectModel.SearchFunction.getautosuggestions(SearchFunction.java:38)
at com.PageObjectModel.SearchFunction.getautosuggestions(SearchFunction.java:38)
at com.PageObjectModel.SearchFunction.getautosuggestions(SearchFunction.java:38)
at com.PageObjectModel.SearchFunction.getautosuggestions(SearchFunction.java:38)
at com.PageObjectModel.SearchFunction.getautosuggestions(SearchFunction.java:38)
at com.PageObjectModel.SearchFunction.getautosuggestions(SearchFunction.java:38)
at com.PageObjectModel.SearchFunction.getautosuggestions(SearchFunction.java:38)
at com.PageObjectModel.SearchFunction.getautosuggestions(SearchFunction.java:38)
at com.PageObjectModel.SearchFunction.getautosuggestions(SearchFunction.java:38)
at com.PageObjectModel.SearchFunction.getautosuggestions(SearchFunction.java:38)
at com.PageObjectModel.SearchFunction.getautosuggestions(SearchFunction.java:38)
at com.PageObjectModel.SearchFunction.getautosuggestions(SearchFunction.java:38)
at com.PageObjectModel.SearchFunction.getautosuggestions(SearchFunction.java:38)
at com.PageObjectModel.SearchFunction.getautosuggestions(SearchFunction.java:38)
at com.PageObjectModel.SearchFunction.getautosuggestions(SearchFunction.java:38)
at com.PageObjectModel.SearchFunction.getautosuggestions(SearchFunction.java:38)
at com.PageObjectModel.SearchFunction.getautosuggestions(SearchFunction.java:38)
at com.PageObjectModel.SearchFunction.getautosuggestions(SearchFunction.java:38)
at com.PageObjectModel.SearchFunction.getautosuggestions(SearchFunction.java:38)
at com.PageObjectModel.SearchFunction.getautosuggestions(SearchFunction.java:38)
at com.PageObjectModel.SearchFunction.getautosuggestions(SearchFunction.java:38)
at com.PageObjectModel.SearchFunction.getautosuggestions(SearchFunction.java:38)
at com.PageObjectModel.SearchFunction.getautosuggestions(SearchFunction.java:38)
at com.PageObjectModel.SearchFunction.getautosuggestions(SearchFunction.java:38)
at com.PageObjectModel.SearchFunction.getautosuggestions(SearchFunction.java:38)
at com.PageObjectModel.SearchFunction.getautosuggestions(SearchFunction.java:38)
at com.PageObjectModel.SearchFunction.getautosuggestions(SearchFunction.java:38)
at com.PageObjectModel.SearchFunction.getautosuggestions(SearchFunction.java:38)
at com.PageObjectModel.SearchFunction.getautosuggestions(SearchFunction.java:38)
at com.PageObjectModel.SearchFunction.getautosuggestions(SearchFunction.java:38)
at com.PageObjectModel.SearchFunction.getautosuggestions(SearchFunction.java:38)
at com.PageObjectModel.SearchFunction.getautosuggestions(SearchFunction.java:38)
at com.PageObjectModel.SearchFunction.getautosuggestions(SearchFunction.java:38)
at com.PageObjectModel.SearchFunction.getautosuggestions(SearchFunction.java:38)
at com.PageObjectModel.SearchFunction.getautosuggestions(SearchFunction.java:38)
at com.PageObjectModel.SearchFunction.getautosuggestions(SearchFunction.java:38)
at com.PageObjectModel.SearchFunction.getautosuggestions(SearchFunction.java:38)
at com.PageObjectModel.SearchFunction.getautosuggestions(SearchFunction.java:38)
at com.PageObjectModel.SearchFunction.getautosuggestions(SearchFunction.java:38)
at com.PageObjectModel.SearchFunction.getautosuggestions(SearchFunction.java:38)
at com.PageObjectModel.SearchFunction.getautosuggestions(SearchFunction.java:38)
at com.PageObjectModel.SearchFunction.getautosuggestions(SearchFunction.java:38)
at com.PageObjectModel.SearchFunction.getautosuggestions(SearchFunction.java:38)
at com.PageObjectModel.SearchFunction.getautosuggestions(SearchFunction.java:38)
at com.PageObjectModel.SearchFunction.getautosuggestions(SearchFunction.java:38)
at com.PageObjectModel.SearchFunction.getautosuggestions(SearchFunction.java:38)
at com.PageObjectModel.SearchFunction.getautosuggestions(SearchFunction.java:38)
at com.PageObjectModel.SearchFunction.getautosuggestions(SearchFunction.java:38)
at com.PageObjectModel.SearchFunction.getautosuggestions(SearchFunction.java:38)
at com.PageObjectModel.SearchFunction.getautosuggestions(SearchFunction.java:38)
at com.PageObjectModel.SearchFunction.getautosuggestions(SearchFunction.java:38)
at com.PageObjectModel.SearchFunction.getautosuggestions(SearchFunction.java:38)
at com.PageObjectModel.SearchFunction.getautosuggestions(SearchFunction.java:38)
at com.PageObjectModel.SearchFunction.getautosuggestions(SearchFunction.java:38)
at com.PageObjectModel.SearchFunction.getautosuggestions(SearchFunction.java:38)
at com.PageObjectModel.SearchFunction.getautosuggestions(SearchFunction.java:38)
at com.PageObjectModel.SearchFunction.getautosuggestions(SearchFunction.java:38)
at com.PageObjectModel.SearchFunction.getautosuggestions(SearchFunction.java:38)
at com.PageObjectModel.SearchFunction.getautosuggestions(SearchFunction.java:38)
at com.PageObjectModel.SearchFunction.getautosuggestions(SearchFunction.java:38)
at com.PageObjectModel.SearchFunction.getautosuggestions(SearchFunction.java:38)
at com.PageObjectModel.SearchFunction.getautosuggestions(SearchFunction.java:38)
at com.PageObjectModel.SearchFunction.getautosuggestions(SearchFunction.java:38)
at com.PageObjectModel.SearchFunction.getautosuggestions(SearchFunction.java:38)
at com.PageObjectModel.SearchFunction.getautosuggestions(SearchFunction.java:38)
at com.PageObjectModel.SearchFunction.getautosuggestions(SearchFunction.java:38)
at com.PageObjectModel.SearchFunction.getautosuggestions(SearchFunction.java:38)
at com.PageObjectModel.SearchFunction.getautosuggestions(SearchFunction.java:38)
at com.PageObjectModel.SearchFunction.getautosuggestions(SearchFunction.java:38)
at com.PageObjectModel.SearchFunction.getautosuggestions(SearchFunction.java:38)
at com.PageObjectModel.SearchFunction.getautosuggestions(SearchFunction.java:38)
at com.PageObjectModel.SearchFunction.getautosuggestions(SearchFunction.java:38)
at com.PageObjectModel.SearchFunction.getautosuggestions(SearchFunction.java:38)
at com.PageObjectModel.SearchFunction.getautosuggestions(SearchFunction.java:38)
at com.PageObjectModel.SearchFunction.getautosuggestions(SearchFunction.java:38)
at com.PageObjectModel.SearchFunction.getautosuggestions(SearchFunction.java:38)
at com.PageObjectModel.SearchFunction.getautosuggestions(SearchFunction.java:38)
at com.PageObjectModel.SearchFunction.getautosuggestions(SearchFunction.java:38)
at com.PageObjectModel.SearchFunction.getautosuggestions(SearchFunction.java:38)
at com.PageObjectModel.SearchFunction.getautosuggestions(SearchFunction.java:38)
at com.PageObjectModel.SearchFunction.getautosuggestions(SearchFunction.java:38)
at com.PageObjectModel.SearchFunction.getautosuggestions(SearchFunction.java:38)
at com.PageObjectModel.SearchFunction.getautosuggestions(SearchFunction.java:38)
at com.PageObjectModel.SearchFunction.getautosuggestions(SearchFunction.java:38)
at com.PageObjectModel.SearchFunction.getautosuggestions(SearchFunction.java:38)
at com.PageObjectModel.SearchFunction.getautosuggestions(SearchFunction.java:38)
at com.PageObjectModel.SearchFunction.getautosuggestions(SearchFunction.java:38)
at com.PageObjectModel.SearchFunction.getautosuggestions(SearchFunction.java:38)
at com.PageObjectModel.SearchFunction.getautosuggestions(SearchFunction.java:38)
at com.PageObjectModel.SearchFunction.getautosuggestions(SearchFunction.java:38)
at com.PageObjectModel.SearchFunction.getautosuggestions(SearchFunction.java:38)
at com.PageObjectModel.SearchFunction.getautosuggestions(SearchFunction.java:38)
at com.PageObjectModel.SearchFunction.getautosuggestions(SearchFunction.java:38)
at com.PageObjectModel.SearchFunction.getautosuggestions(SearchFunction.java:38)
at com.PageObjectModel.SearchFunction.getautosuggestions(SearchFunction.java:38)
at com.PageObjectModel.SearchFunction.getautosuggestions(SearchFunction.java:38)
at com.PageObjectModel.SearchFunction.getautosuggestions(SearchFunction.java:38)
at com.PageObjectModel.SearchFunction.getautosuggestions(SearchFunction.java:38)
at com.PageObjectModel.SearchFunction.getautosuggestions(SearchFunction.java:38)
at com.PageObjectModel.SearchFunction.getautosuggestions(SearchFunction.java:38)
at com.PageObjectModel.SearchFunction.getautosuggestions(SearchFunction.java:38)
at com.PageObjectModel.SearchFunction.getautosuggestions(SearchFunction.java:38)
at com.PageObjectModel.SearchFunction.getautosuggestions(SearchFunction.java:38)
at com.PageObjectModel.SearchFunction.getautosuggestions(SearchFunction.java:38)
at com.PageObjectModel.SearchFunction.getautosuggestions(SearchFunction.java:38)
at com.PageObjectModel.SearchFunction.getautosuggestions(SearchFunction.java:38)
at com.PageObjectModel.SearchFunction.getautosuggestions(SearchFunction.java:38)
at com.PageObjectModel.SearchFunction.getautosuggestions(SearchFunction.java:38)
at com.PageObjectModel.SearchFunction.getautosuggestions(SearchFunction.java:38)
at com.PageObjectModel.SearchFunction.getautosuggestions(SearchFunction.java:38)
at com.PageObjectModel.SearchFunction.getautosuggestions(SearchFunction.java:38)
at com.PageObjectModel.SearchFunction.getautosuggestions(SearchFunction.java:38)
at com.PageObjectModel.SearchFunction.getautosuggestions(SearchFunction.java:38)
at com.PageObjectModel.SearchFunction.getautosuggestions(SearchFunction.java:38)
at com.PageObjectModel.SearchFunction.getautosuggestions(SearchFunction.java:38)
at com.PageObjectModel.SearchFunction.getautosuggestions(SearchFunction.java:38)
at com.PageObjectModel.SearchFunction.getautosuggestions(SearchFunction.java:38)
at com.PageObjectModel.SearchFunction.getautosuggestions(SearchFunction.java:38)
at com.PageObjectModel.SearchFunction.getautosuggestions(SearchFunction.java:38)
at com.PageObjectModel.SearchFunction.getautosuggestions(SearchFunction.java:38)
at com.PageObjectModel.SearchFunction.getautosuggestions(SearchFunction.java:38)
at com.PageObjectModel.SearchFunction.getautosuggestions(SearchFunction.java:38)
at com.PageObjectModel.SearchFunction.getautosuggestions(SearchFunction.java:38)
at com.PageObjectModel.SearchFunction.getautosuggestions(SearchFunction.java:38)
at com.PageObjectModel.SearchFunction.getautosuggestions(SearchFunction.java:38)
at com.PageObjectModel.SearchFunction.getautosuggestions(SearchFunction.java:38)
at com.PageObjectModel.SearchFunction.getautosuggestions(SearchFunction.java:38)
at com.PageObjectModel.SearchFunction.getautosuggestions(SearchFunction.java:38)
at com.PageObjectModel.SearchFunction.getautosuggestions(SearchFunction.java:38)
at com.PageObjectModel.SearchFunction.getautosuggestions(SearchFunction.java:38)
at com.PageObjectModel.SearchFunction.getautosuggestions(SearchFunction.java:38)
at com.PageObjectModel.SearchFunction.getautosuggestions(SearchFunction.java:38)
at com.PageObjectModel.SearchFunction.getautosuggestions(SearchFunction.java:38)
at com.PageObjectModel.SearchFunction.getautosuggestions(SearchFunction.java:38)
at com.PageObjectModel.SearchFunction.getautosuggestions(SearchFunction.java:38)
at com.PageObjectModel.SearchFunction.getautosuggestions(SearchFunction.java:38)
at com.PageObjectModel.SearchFunction.getautosuggestions(SearchFunction.java:38)
at com.PageObjectModel.SearchFunction.getautosuggestions(SearchFunction.java:38)
at com.PageObjectModel.SearchFunction.getautosuggestions(SearchFunction.java:38)
at com.PageObjectModel.SearchFunction.getautosuggestions(SearchFunction.java:38)
at com.PageObjectModel.SearchFunction.getautosuggestions(SearchFunction.java:38)
at com.PageObjectModel.SearchFunction.getautosuggestions(SearchFunction.java:38)
at com.PageObjectModel.SearchFunction.getautosuggestions(SearchFunction.java:38)
at com.PageObjectModel.SearchFunction.getautosuggestions(SearchFunction.java:38)
at com.PageObjectModel.SearchFunction.getautosuggestions(SearchFunction.java:38)
at com.PageObjectModel.SearchFunction.getautosuggestions(SearchFunction.java:38)
at com.PageObjectModel.SearchFunction.getautosuggestions(SearchFunction.java:38)
at com.PageObjectModel.SearchFunction.getautosuggestions(SearchFunction.java:38)
at com.PageObjectModel.SearchFunction.getautosuggestions(SearchFunction.java:38)
at com.PageObjectModel.SearchFunction.getautosuggestions(SearchFunction.java:38)
at com.PageObjectModel.SearchFunction.getautosuggestions(SearchFunction.java:38)
at com.PageObjectModel.SearchFunction.getautosuggestions(SearchFunction.java:38)
at com.PageObjectModel.SearchFunction.getautosuggestions(SearchFunction.java:38)
at com.PageObjectModel.SearchFunction.getautosuggestions(SearchFunction.java:38)
at com.PageObjectModel.SearchFunction.getautosuggestions(SearchFunction.java:38)
at com.PageObjectModel.SearchFunction.getautosuggestions(SearchFunction.java:38)
at com.PageObjectModel.SearchFunction.getautosuggestions(SearchFunction.java:38)
at com.PageObjectModel.SearchFunction.getautosuggestions(SearchFunction.java:38)
at com.PageObjectModel.SearchFunction.getautosuggestions(SearchFunction.java:38)
at com.PageObjectModel.SearchFunction.getautosuggestions(SearchFunction.java:38)
at com.PageObjectModel.SearchFunction.getautosuggestions(SearchFunction.java:38)
at com.PageObjectModel.SearchFunction.getautosuggestions(SearchFunction.java:38)
at com.PageObjectModel.SearchFunction.getautosuggestions(SearchFunction.java:38)
at com.PageObjectModel.SearchFunction.getautosuggestions(SearchFunction.java:38)
at com.PageObjectModel.SearchFunction.getautosuggestions(SearchFunction.java:38)
at com.PageObjectModel.SearchFunction.getautosuggestions(SearchFunction.java:38)
at com.PageObjectModel.SearchFunction.getautosuggestions(SearchFunction.java:38)
at com.PageObjectModel.SearchFunction.getautosuggestions(SearchFunction.java:38)
at com.PageObjectModel.SearchFunction.getautosuggestions(SearchFunction.java:38)
at com.PageObjectModel.SearchFunction.getautosuggestions(SearchFunction.java:38)
at com.PageObjectModel.SearchFunction.getautosuggestions(SearchFunction.java:38)
at com.PageObjectModel.SearchFunction.getautosuggestions(SearchFunction.java:38)
at com.PageObjectModel.SearchFunction.getautosuggestions(SearchFunction.java:38)
at com.PageObjectModel.SearchFunction.getautosuggestions(SearchFunction.java:38)
at com.PageObjectModel.SearchFunction.getautosuggestions(SearchFunction.java:38)
at com.PageObjectModel.SearchFunction.getautosuggestions(SearchFunction.java:38)
at com.PageObjectModel.SearchFunction.getautosuggestions(SearchFunction.java:38)
at com.PageObjectModel.SearchFunction.getautosuggestions(SearchFunction.java:38)
at com.PageObjectModel.SearchFunction.getautosuggestions(SearchFunction.java:38)
at com.PageObjectModel.SearchFunction.getautosuggestions(SearchFunction.java:38)
at com.PageObjectModel.SearchFunction.getautosuggestions(SearchFunction.java:38)
at com.PageObjectModel.SearchFunction.getautosuggestions(SearchFunction.java:38)
at com.PageObjectModel.SearchFunction.getautosuggestions(SearchFunction.java:38)
at com.PageObjectModel.SearchFunction.getautosuggestions(SearchFunction.java:38)
at com.PageObjectModel.SearchFunction.getautosuggestions(SearchFunction.java:38)
at com.PageObjectModel.SearchFunction.getautosuggestions(SearchFunction.java:38)
at com.PageObjectModel.SearchFunction.getautosuggestions(SearchFunction.java:38)
at com.PageObjectModel.SearchFunction.getautosuggestions(SearchFunction.java:38)
at com.PageObjectModel.SearchFunction.getautosuggestions(SearchFunction.java:38)
at com.PageObjectModel.SearchFunction.getautosuggestions(SearchFunction.java:38)
at com.PageObjectModel.SearchFunction.getautosuggestions(SearchFunction.java:38)
at com.PageObjectModel.SearchFunction.getautosuggestions(SearchFunction.java:38)
at com.PageObjectModel.SearchFunction.getautosuggestions(SearchFunction.java:38)
at com.PageObjectModel.SearchFunction.getautosuggestions(SearchFunction.java:38)
at com.PageObjectModel.SearchFunction.getautosuggestions(SearchFunction.java:38)
at com.PageObjectModel.SearchFunction.getautosuggestions(SearchFunction.java:38)
at com.PageObjectModel.SearchFunction.getautosuggestions(SearchFunction.java:38)
at com.PageObjectModel.SearchFunction.getautosuggestions(SearchFunction.java:38)
at com.PageObjectModel.SearchFunction.getautosuggestions(SearchFunction.java:38)
at com.PageObjectModel.SearchFunction.getautosuggestions(SearchFunction.java:38)
at com.PageObjectModel.SearchFunction.getautosuggestions(SearchFunction.java:38)
at com.PageObjectModel.SearchFunction.getautosuggestions(SearchFunction.java:38)
at com.PageObjectModel.SearchFunction.getautosuggestions(SearchFunction.java:38)
at com.PageObjectModel.SearchFunction.getautosuggestions(SearchFunction.java:38)
at com.PageObjectModel.SearchFunction.getautosuggestions(SearchFunction.java:38)
at com.PageObjectModel.SearchFunction.getautosuggestions(SearchFunction.java:38)
at com.PageObjectModel.SearchFunction.getautosuggestions(SearchFunction.java:38)
at com.PageObjectModel.SearchFunction.getautosuggestions(SearchFunction.java:38)
at com.PageObjectModel.SearchFunction.getautosuggestions(SearchFunction.java:38)
at com.PageObjectModel.SearchFunction.getautosuggestions(SearchFunction.java:38)
at com.PageObjectModel.SearchFunction.getautosuggestions(SearchFunction.java:38)
at com.PageObjectModel.SearchFunction.getautosuggestions(SearchFunction.java:38)
at com.PageObjectModel.SearchFunction.getautosuggestions(SearchFunction.java:38)
at com.PageObjectModel.SearchFunction.getautosuggestions(SearchFunction.java:38)
at com.PageObjectModel.SearchFunction.getautosuggestions(SearchFunction.java:38)
at com.PageObjectModel.SearchFunction.getautosuggestions(SearchFunction.java:38)
at com.PageObjectModel.SearchFunction.getautosuggestions(SearchFunction.java:38)
at com.PageObjectModel.SearchFunction.getautosuggestions(SearchFunction.java:38)
at com.PageObjectModel.SearchFunction.getautosuggestions(SearchFunction.java:38)
at com.PageObjectModel.SearchFunction.getautosuggestions(SearchFunction.java:38)
at com.PageObjectModel.SearchFunction.getautosuggestions(SearchFunction.java:38)
at com.PageObjectModel.SearchFunction.getautosuggestions(SearchFunction.java:38)
at com.PageObjectModel.SearchFunction.getautosuggestions(SearchFunction.java:38)
at com.PageObjectModel.SearchFunction.getautosuggestions(SearchFunction.java:38)
at com.PageObjectModel.SearchFunction.getautosuggestions(SearchFunction.java:38)
at com.PageObjectModel.SearchFunction.getautosuggestions(SearchFunction.java:38)
at com.PageObjectModel.SearchFunction.getautosuggestions(SearchFunction.java:38)
at com.PageObjectModel.SearchFunction.getautosuggestions(SearchFunction.java:38)
at com.PageObjectModel.SearchFunction.getautosuggestions(SearchFunction.java:38)
at com.PageObjectModel.SearchFunction.getautosuggestions(SearchFunction.java:38)
at com.PageObjectModel.SearchFunction.getautosuggestions(SearchFunction.java:38)
at com.PageObjectModel.SearchFunction.getautosuggestions(SearchFunction.java:38)
at com.PageObjectModel.SearchFunction.getautosuggestions(SearchFunction.java:38)
at com.PageObjectModel.SearchFunction.getautosuggestions(SearchFunction.java:38)
at com.PageObjectModel.SearchFunction.getautosuggestions(SearchFunction.java:38)
at com.PageObjectModel.SearchFunction.getautosuggestions(SearchFunction.java:38)
at com.PageObjectModel.SearchFunction.getautosuggestions(SearchFunction.java:38)
at com.PageObjectModel.SearchFunction.getautosuggestions(SearchFunction.java:38)
at com.PageObjectModel.SearchFunction.getautosuggestions(SearchFunction.java:38)
at com.PageObjectModel.SearchFunction.getautosuggestions(SearchFunction.java:38)
at com.PageObjectModel.SearchFunction.getautosuggestions(SearchFunction.java:38)
at com.PageObjectModel.SearchFunction.getautosuggestions(SearchFunction.java:38)
at com.PageObjectModel.SearchFunction.getautosuggestions(SearchFunction.java:38)
at com.PageObjectModel.SearchFunction.getautosuggestions(SearchFunction.java:38)
at com.PageObjectModel.SearchFunction.getautosuggestions(SearchFunction.java:38)
at com.PageObjectModel.SearchFunction.getautosuggestions(SearchFunction.java:38)
at com.PageObjectModel.SearchFunction.getautosuggestions(SearchFunction.java:38)
at com.PageObjectModel.SearchFunction.getautosuggestions(SearchFunction.java:38)
at com.PageObjectModel.SearchFunction.getautosuggestions(SearchFunction.java:38)
at com.PageObjectModel.SearchFunction.getautosuggestions(SearchFunction.java:38)
at com.PageObjectModel.SearchFunction.getautosuggestions(SearchFunction.java:38)
at com.PageObjectModel.SearchFunction.getautosuggestions(SearchFunction.java:38)
at com.PageObjectModel.SearchFunction.getautosuggestions(SearchFunction.java:38)
at com.PageObjectModel.SearchFunction.getautosuggestions(SearchFunction.java:38)
at com.PageObjectModel.SearchFunction.getautosuggestions(SearchFunction.java:38)
at com.PageObjectModel.SearchFunction.getautosuggestions(SearchFunction.java:38)
at com.PageObjectModel.SearchFunction.getautosuggestions(SearchFunction.java:38)
at com.PageObjectModel.SearchFunction.getautosuggestions(SearchFunction.java:38)
at com.PageObjectModel.SearchFunction.getautosuggestions(SearchFunction.java:38)
at com.PageObjectModel.SearchFunction.getautosuggestions(SearchFunction.java:38)
at com.PageObjectModel.SearchFunction.getautosuggestions(SearchFunction.java:38)
at com.PageObjectModel.SearchFunction.getautosuggestions(SearchFunction.java:38)
at com.PageObjectModel.SearchFunction.getautosuggestions(SearchFunction.java:38)
at com.PageObjectModel.SearchFunction.getautosuggestions(SearchFunction.java:38)
at com.PageObjectModel.SearchFunction.getautosuggestions(SearchFunction.java:38)
at com.PageObjectModel.SearchFunction.getautosuggestions(SearchFunction.java:38)
at com.PageObjectModel.SearchFunction.getautosuggestions(SearchFunction.java:38)
at com.PageObjectModel.SearchFunction.getautosuggestions(SearchFunction.java:38)
at com.PageObjectModel.SearchFunction.getautosuggestions(SearchFunction.java:38)
at com.PageObjectModel.SearchFunction.getautosuggestions(SearchFunction.java:38)
at com.PageObjectModel.SearchFunction.getautosuggestions(SearchFunction.java:38)
at com.PageObjectModel.SearchFunction.getautosuggestions(SearchFunction.java:38)
at com.PageObjectModel.SearchFunction.getautosuggestions(SearchFunction.java:38)
at com.PageObjectModel.SearchFunction.getautosuggestions(SearchFunction.java:38)
at com.PageObjectModel.SearchFunction.getautosuggestions(SearchFunction.java:38)
at com.PageObjectModel.SearchFunction.getautosuggestions(SearchFunction.java:38)
at com.PageObjectModel.SearchFunction.getautosuggestions(SearchFunction.java:38)
at com.PageObjectModel.SearchFunction.getautosuggestions(SearchFunction.java:38)
at com.PageObjectModel.SearchFunction.getautosuggestions(SearchFunction.java:38)
at com.PageObjectModel.SearchFunction.getautosuggestions(SearchFunction.java:38)
at com.PageObjectModel.SearchFunction.getautosuggestions(SearchFunction.java:38)
at com.PageObjectModel.SearchFunction.getautosuggestions(SearchFunction.java:38)
at com.PageObjectModel.SearchFunction.getautosuggestions(SearchFunction.java:38)
at com.PageObjectModel.SearchFunction.getautosuggestions(SearchFunction.java:38)
at com.PageObjectModel.SearchFunction.getautosuggestions(SearchFunction.java:38)
at com.PageObjectModel.SearchFunction.getautosuggestions(SearchFunction.java:38)
at com.PageObjectModel.SearchFunction.getautosuggestions(SearchFunction.java:38)
at com.PageObjectModel.SearchFunction.getautosuggestions(SearchFunction.java:38)
at com.PageObjectModel.SearchFunction.getautosuggestions(SearchFunction.java:38)
at com.PageObjectModel.SearchFunction.getautosuggestions(SearchFunction.java:38)
at com.PageObjectModel.SearchFunction.getautosuggestions(SearchFunction.java:38)
at com.PageObjectModel.SearchFunction.getautosuggestions(SearchFunction.java:38)
at com.PageObjectModel.SearchFunction.getautosuggestions(SearchFunction.java:38)
at com.PageObjectModel.SearchFunction.getautosuggestions(SearchFunction.java:38)
at com.PageObjectModel.SearchFunction.getautosuggestions(SearchFunction.java:38)
at com.PageObjectModel.SearchFunction.getautosuggestions(SearchFunction.java:38)
at com.PageObjectModel.SearchFunction.getautosuggestions(SearchFunction.java:38)
at com.PageObjectModel.SearchFunction.getautosuggestions(SearchFunction.java:38)
at com.PageObjectModel.SearchFunction.getautosuggestions(SearchFunction.java:38)
at com.PageObjectModel.SearchFunction.getautosuggestions(SearchFunction.java:38)
at com.PageObjectModel.SearchFunction.getautosuggestions(SearchFunction.java:38)
at com.PageObjectModel.SearchFunction.getautosuggestions(SearchFunction.java:38)
at com.PageObjectModel.SearchFunction.getautosuggestions(SearchFunction.java:38)
at com.PageObjectModel.SearchFunction.getautosuggestions(SearchFunction.java:38)
at com.PageObjectModel.SearchFunction.getautosuggestions(SearchFunction.java:38)
at com.PageObjectModel.SearchFunction.getautosuggestions(SearchFunction.java:38)
at com.PageObjectModel.SearchFunction.getautosuggestions(SearchFunction.java:38)
at com.PageObjectModel.SearchFunction.getautosuggestions(SearchFunction.java:38)
at com.PageObjectModel.SearchFunction.getautosuggestions(SearchFunction.java:38)
at com.PageObjectModel.SearchFunction.getautosuggestions(SearchFunction.java:38)
at com.PageObjectModel.SearchFunction.getautosuggestions(SearchFunction.java:38)
at com.PageObjectModel.SearchFunction.getautosuggestions(SearchFunction.java:38)
at com.PageObjectModel.SearchFunction.getautosuggestions(SearchFunction.java:38)
at com.PageObjectModel.SearchFunction.getautosuggestions(SearchFunction.java:38)
at com.PageObjectModel.SearchFunction.getautosuggestions(SearchFunction.java:38)
at com.PageObjectModel.SearchFunction.getautosuggestions(SearchFunction.java:38)
at com.PageObjectModel.SearchFunction.getautosuggestions(SearchFunction.java:38)
at com.PageObjectModel.SearchFunction.getautosuggestions(SearchFunction.java:38)
at com.PageObjectModel.SearchFunction.getautosuggestions(SearchFunction.java:38)
at com.PageObjectModel.SearchFunction.getautosuggestions(SearchFunction.java:38)
at com.PageObjectModel.SearchFunction.getautosuggestions(SearchFunction.java:38)
at com.PageObjectModel.SearchFunction.getautosuggestions(SearchFunction.java:38)
at com.PageObjectModel.SearchFunction.getautosuggestions(SearchFunction.java:38)
at com.PageObjectModel.SearchFunction.getautosuggestions(SearchFunction.java:38)
at com.PageObjectModel.SearchFunction.getautosuggestions(SearchFunction.java:38)
at com.PageObjectModel.SearchFunction.getautosuggestions(SearchFunction.java:38)
at com.PageObjectModel.SearchFunction.getautosuggestions(SearchFunction.java:38)
at com.PageObjectModel.SearchFunction.getautosuggestions(SearchFunction.java:38)
at com.PageObjectModel.SearchFunction.getautosuggestions(SearchFunction.java:38)
at com.PageObjectModel.SearchFunction.getautosuggestions(SearchFunction.java:38)
at com.PageObjectModel.SearchFunction.getautosuggestions(SearchFunction.java:38)
at com.PageObjectModel.SearchFunction.getautosuggestions(SearchFunction.java:38)
at com.PageObjectModel.SearchFunction.getautosuggestions(SearchFunction.java:38)
at com.PageObjectModel.SearchFunction.getautosuggestions(SearchFunction.java:38)
at com.PageObjectModel.SearchFunction.getautosuggestions(SearchFunction.java:38)
at com.PageObjectModel.SearchFunction.getautosuggestions(SearchFunction.java:38)
at com.PageObjectModel.SearchFunction.getautosuggestions(SearchFunction.java:38)
at com.PageObjectModel.SearchFunction.getautosuggestions(SearchFunction.java:38)
at com.PageObjectModel.SearchFunction.getautosuggestions(SearchFunction.java:38)
at com.PageObjectModel.SearchFunction.getautosuggestions(SearchFunction.java:38)
at com.PageObjectModel.SearchFunction.getautosuggestions(SearchFunction.java:38)
at com.PageObjectModel.SearchFunction.getautosuggestions(SearchFunction.java:38)
at com.PageObjectModel.SearchFunction.getautosuggestions(SearchFunction.java:38)
at com.PageObjectModel.SearchFunction.getautosuggestions(SearchFunction.java:38)
at com.PageObjectModel.SearchFunction.getautosuggestions(SearchFunction.java:38)
at com.PageObjectModel.SearchFunction.getautosuggestions(SearchFunction.java:38)
at com.PageObjectModel.SearchFunction.getautosuggestions(SearchFunction.java:38)
at com.PageObjectModel.SearchFunction.getautosuggestions(SearchFunction.java:38)
at com.PageObjectModel.SearchFunction.getautosuggestions(SearchFunction.java:38)
at com.PageObjectModel.SearchFunction.getautosuggestions(SearchFunction.java:38)
at com.PageObjectModel.SearchFunction.getautosuggestions(SearchFunction.java:38)
at com.PageObjectModel.SearchFunction.getautosuggestions(SearchFunction.java:38)
at com.PageObjectModel.SearchFunction.getautosuggestions(SearchFunction.java:38)
at com.PageObjectModel.SearchFunction.getautosuggestions(SearchFunction.java:38)
at com.PageObjectModel.SearchFunction.getautosuggestions(SearchFunction.java:38)
at com.PageObjectModel.SearchFunction.getautosuggestions(SearchFunction.java:38)
at com.PageObjectModel.SearchFunction.getautosuggestions(SearchFunction.java:38)
at com.PageObjectModel.SearchFunction.getautosuggestions(SearchFunction.java:38)
at com.PageObjectModel.SearchFunction.getautosuggestions(SearchFunction.java:38)
at com.PageObjectModel.SearchFunction.getautosuggestions(SearchFunction.java:38)
at com.PageObjectModel.SearchFunction.getautosuggestions(SearchFunction.java:38)
at com.PageObjectModel.SearchFunction.getautosuggestions(SearchFunction.java:38)
at com.PageObjectModel.SearchFunction.getautosuggestions(SearchFunction.java:38)
at com.PageObjectModel.SearchFunction.getautosuggestions(SearchFunction.java:38)
at com.PageObjectModel.SearchFunction.getautosuggestions(SearchFunction.java:38)
at com.PageObjectModel.SearchFunction.getautosuggestions(SearchFunction.java:38)
at com.PageObjectModel.SearchFunction.getautosuggestions(SearchFunction.java:38)
at com.PageObjectModel.SearchFunction.getautosuggestions(SearchFunction.java:38)
at com.PageObjectModel.SearchFunction.getautosuggestions(SearchFunction.java:38)
at com.PageObjectModel.SearchFunction.getautosuggestions(SearchFunction.java:38)
at com.PageObjectModel.SearchFunction.getautosuggestions(SearchFunction.java:38)
at com.PageObjectModel.SearchFunction.getautosuggestions(SearchFunction.java:38)
at com.PageObjectModel.SearchFunction.getautosuggestions(SearchFunction.java:38)
at com.PageObjectModel.SearchFunction.getautosuggestions(SearchFunction.java:38)
at com.PageObjectModel.SearchFunction.getautosuggestions(SearchFunction.java:38)
at com.PageObjectModel.SearchFunction.getautosuggestions(SearchFunction.java:38)
at com.PageObjectModel.SearchFunction.getautosuggestions(SearchFunction.java:38)
at com.PageObjectModel.SearchFunction.getautosuggestions(SearchFunction.java:38)
at com.PageObjectModel.SearchFunction.getautosuggestions(SearchFunction.java:38)
at com.PageObjectModel.SearchFunction.getautosuggestions(SearchFunction.java:38)
at com.PageObjectModel.SearchFunction.getautosuggestions(SearchFunction.java:38)
at com.PageObjectModel.SearchFunction.getautosuggestions(SearchFunction.java:38)
at com.PageObjectModel.SearchFunction.getautosuggestions(SearchFunction.java:38)
at com.PageObjectModel.SearchFunction.getautosuggestions(SearchFunction.java:38)
at com.PageObjectModel.SearchFunction.getautosuggestions(SearchFunction.java:38)
at com.PageObjectModel.SearchFunction.getautosuggestions(SearchFunction.java:38)
at com.PageObjectModel.SearchFunction.getautosuggestions(SearchFunction.java:38)
at com.PageObjectModel.SearchFunction.getautosuggestions(SearchFunction.java:38)
at com.PageObjectModel.SearchFunction.getautosuggestions(SearchFunction.java:38)
at com.PageObjectModel.SearchFunction.getautosuggestions(SearchFunction.java:38)
at com.PageObjectModel.SearchFunction.getautosuggestions(SearchFunction.java:38)
at com.PageObjectModel.SearchFunction.getautosuggestions(SearchFunction.java:38)
at com.PageObjectModel.SearchFunction.getautosuggestions(SearchFunction.java:38)
at com.PageObjectModel.SearchFunction.getautosuggestions(SearchFunction.java:38)
at com.PageObjectModel.SearchFunction.getautosuggestions(SearchFunction.java:38)
at com.PageObjectModel.SearchFunction.getautosuggestions(SearchFunction.java:38)
at com.PageObjectModel.SearchFunction.getautosuggestions(SearchFunction.java:38)
at com.PageObjectModel.SearchFunction.getautosuggestions(SearchFunction.java:38)
at com.PageObjectModel.SearchFunction.getautosuggestions(SearchFunction.java:38)
at com.PageObjectModel.SearchFunction.getautosuggestions(SearchFunction.java:38)
at com.PageObjectModel.SearchFunction.getautosuggestions(SearchFunction.java:38)
at com.PageObjectModel.SearchFunction.getautosuggestions(SearchFunction.java:38)
at com.PageObjectModel.SearchFunction.getautosuggestions(SearchFunction.java:38)
at com.PageObjectModel.SearchFunction.getautosuggestions(SearchFunction.java:38)
at com.PageObjectModel.SearchFunction.getautosuggestions(SearchFunction.java:38)
at com.PageObjectModel.SearchFunction.getautosuggestions(SearchFunction.java:38)
at com.PageObjectModel.SearchFunction.getautosuggestions(SearchFunction.java:38)
at com.PageObjectModel.SearchFunction.getautosuggestions(SearchFunction.java:38)
at com.PageObjectModel.SearchFunction.getautosuggestions(SearchFunction.java:38)
at com.PageObjectModel.SearchFunction.getautosuggestions(SearchFunction.java:38)
at com.PageObjectModel.SearchFunction.getautosuggestions(SearchFunction.java:38)
at com.PageObjectModel.SearchFunction.getautosuggestions(SearchFunction.java:38)
at com.PageObjectModel.SearchFunction.getautosuggestions(SearchFunction.java:38)
at com.PageObjectModel.SearchFunction.getautosuggestions(SearchFunction.java:38)
at com.PageObjectModel.SearchFunction.getautosuggestions(SearchFunction.java:38)
at com.PageObjectModel.SearchFunction.getautosuggestions(SearchFunction.java:38)
at com.PageObjectModel.SearchFunction.getautosuggestions(SearchFunction.java:38)
at com.PageObjectModel.SearchFunction.getautosuggestions(SearchFunction.java:38)
at com.PageObjectModel.SearchFunction.getautosuggestions(SearchFunction.java:38)
at com.PageObjectModel.SearchFunction.getautosuggestions(SearchFunction.java:38)
at com.PageObjectModel.SearchFunction.getautosuggestions(SearchFunction.java:38)
at com.PageObjectModel.SearchFunction.getautosuggestions(SearchFunction.java:38)
at com.PageObjectModel.SearchFunction.getautosuggestions(SearchFunction.java:38)
at com.PageObjectModel.SearchFunction.getautosuggestions(SearchFunction.java:38)
at com.PageObjectModel.SearchFunction.getautosuggestions(SearchFunction.java:38)
at com.PageObjectModel.SearchFunction.getautosuggestions(SearchFunction.java:38)
at com.PageObjectModel.SearchFunction.getautosuggestions(SearchFunction.java:38)
at com.PageObjectModel.SearchFunction.getautosuggestions(SearchFunction.java:38)
at com.PageObjectModel.SearchFunction.getautosuggestions(SearchFunction.java:38)
at com.PageObjectModel.SearchFunction.getautosuggestions(SearchFunction.java:38)
at com.PageObjectModel.SearchFunction.getautosuggestions(SearchFunction.java:38)
at com.PageObjectModel.SearchFunction.getautosuggestions(SearchFunction.java:38)
at com.PageObjectModel.SearchFunction.getautosuggestions(SearchFunction.java:38)
at com.PageObjectModel.SearchFunction.getautosuggestions(SearchFunction.java:38)
at com.PageObjectModel.SearchFunction.getautosuggestions(SearchFunction.java:38)
at com.PageObjectModel.SearchFunction.getautosuggestions(SearchFunction.java:38)
at com.PageObjectModel.SearchFunction.getautosuggestions(SearchFunction.java:38)
at com.PageObjectModel.SearchFunction.getautosuggestions(SearchFunction.java:38)
at com.PageObjectModel.SearchFunction.getautosuggestions(SearchFunction.java:38)
at com.PageObjectModel.SearchFunction.getautosuggestions(SearchFunction.java:38)
at com.PageObjectModel.SearchFunction.getautosuggestions(SearchFunction.java:38)
at com.PageObjectModel.SearchFunction.getautosuggestions(SearchFunction.java:38)
at com.PageObjectModel.SearchFunction.getautosuggestions(SearchFunction.java:38)
at com.PageObjectModel.SearchFunction.getautosuggestions(SearchFunction.java:38)
at com.PageObjectModel.SearchFunction.getautosuggestions(SearchFunction.java:38)
[...]
at com.PageObjectModel.SearchFunction.getautosuggestions(SearchFunction.java:38)
at com.PageObjectModel.SearchFunction.getautosuggestions(SearchFunction.java:38)
at com.PageObjectModel.SearchFunction.getautosuggestions(SearchFunction.java:38)
at com.PageObjectModel.SearchFunction.getautosuggestions(SearchFunction.java:38)
at com.PageObjectModel.SearchFunction.getautosuggestions(SearchFunction.java:38)
at com.PageObjectModel.SearchFunction.getautosuggestions(SearchFunction.java:38)
at com.PageObjectModel.SearchFunction.getautosuggestions(SearchFunction.java:38)
at com.PageObjectModel.SearchFunction.getautosuggestions(SearchFunction.java:38)
at com.PageObjectModel.SearchFunction.getautosuggestions(SearchFunction.java:38)
at com.PageObjectModel.SearchFunction.getautosuggestions(SearchFunction.java:38)
at com.PageObjectModel.SearchFunction.getautosuggestions(SearchFunction.java:38)
at com.PageObjectModel.SearchFunction.getautosuggestions(SearchFunction.java:38)
at com.PageObjectModel.SearchFunction.getautosuggestions(SearchFunction.java:38)
at com.PageObjectModel.SearchFunction.getautosuggestions(SearchFunction.java:38)
at com.PageObjectModel.SearchFunction.getautosuggestions(SearchFunction.java:38)
at com.PageObjectModel.SearchFunction.getautosuggestions(SearchFunction.java:38)
at com.PageObjectModel.SearchFunction.getautosuggestions(SearchFunction.java:38)
at com.PageObjectModel.SearchFunction.getautosuggestions(SearchFunction.java:38)
at com.PageObjectModel.SearchFunction.getautosuggestions(SearchFunction.java:38)
at com.PageObjectModel.SearchFunction.getautosuggestions(SearchFunction.java:38)
at com.PageObjectModel.SearchFunction.getautosuggestions(SearchFunction.java:38)
at com.PageObjectModel.SearchFunction.getautosuggestions(SearchFunction.java:38)
at com.PageObjectModel.SearchFunction.getautosuggestions(SearchFunction.java:38)
at com.PageObjectModel.SearchFunction.getautosuggestions(SearchFunction.java:38)
at com.PageObjectModel.SearchFunction.getautosuggestions(SearchFunction.java:38)
at com.PageObjectModel.SearchFunction.getautosuggestions(SearchFunction.java:38)
at com.PageObjectModel.SearchFunction.getautosuggestions(SearchFunction.java:38)
at com.PageObjectModel.SearchFunction.getautosuggestions(SearchFunction.java:38)
at com.PageObjectModel.SearchFunction.getautosuggestions(SearchFunction.java:38)
at com.PageObjectModel.SearchFunction.getautosuggestions(SearchFunction.java:38)
at com.PageObjectModel.SearchFunction.getautosuggestions(SearchFunction.java:38)
at com.PageObjectModel.SearchFunction.getautosuggestions(SearchFunction.java:38)
at com.PageObjectModel.SearchFunction.getautosuggestions(SearchFunction.java:38)
at com.PageObjectModel.SearchFunction.getautosuggestions(SearchFunction.java:38)
at com.PageObjectModel.SearchFunction.getautosuggestions(SearchFunction.java:38)
at com.PageObjectModel.SearchFunction.getautosuggestions(SearchFunction.java:38)
at com.PageObjectModel.SearchFunction.getautosuggestions(SearchFunction.java:38)
at com.PageObjectModel.SearchFunction.getautosuggestions(SearchFunction.java:38)
at com.PageObjectModel.SearchFunction.getautosuggestions(SearchFunction.java:38)
at com.PageObjectModel.SearchFunction.getautosuggestions(SearchFunction.java:38)
at com.PageObjectModel.SearchFunction.getautosuggestions(SearchFunction.java:38)
at com.PageObjectModel.SearchFunction.getautosuggestions(SearchFunction.java:38)
at com.PageObjectModel.SearchFunction.getautosuggestions(SearchFunction.java:38)
at com.PageObjectModel.SearchFunction.getautosuggestions(SearchFunction.java:38)
at com.PageObjectModel.SearchFunction.getautosuggestions(SearchFunction.java:38)
at com.PageObjectModel.SearchFunction.getautosuggestions(SearchFunction.java:38)
at com.PageObjectModel.SearchFunction.getautosuggestions(SearchFunction.java:38)
at com.PageObjectModel.SearchFunction.getautosuggestions(SearchFunction.java:38)
at com.PageObjectModel.SearchFunction.getautosuggestions(SearchFunction.java:38)
at com.PageObjectModel.SearchFunction.getautosuggestions(SearchFunction.java:38)
at com.PageObjectModel.SearchFunction.getautosuggestions(SearchFunction.java:38)
at com.PageObjectModel.SearchFunction.getautosuggestions(SearchFunction.java:38)
at com.PageObjectModel.SearchFunction.getautosuggestions(SearchFunction.java:38)
at com.PageObjectModel.SearchFunction.getautosuggestions(SearchFunction.java:38)
at com.PageObjectModel.SearchFunction.getautosuggestions(SearchFunction.java:38)
at com.PageObjectModel.SearchFunction.getautosuggestions(SearchFunction.java:38)
at com.PageObjectModel.SearchFunction.getautosuggestions(SearchFunction.java:38)
at com.PageObjectModel.SearchFunction.getautosuggestions(SearchFunction.java:38)
at com.PageObjectModel.SearchFunction.getautosuggestions(SearchFunction.java:38)
at com.PageObjectModel.SearchFunction.getautosuggestions(SearchFunction.java:38)
at com.PageObjectModel.SearchFunction.getautosuggestions(SearchFunction.java:38)
at com.PageObjectModel.SearchFunction.getautosuggestions(SearchFunction.java:38)
at com.PageObjectModel.SearchFunction.getautosuggestions(SearchFunction.java:38)
at com.PageObjectModel.SearchFunction.getautosuggestions(SearchFunction.java:38)
at com.PageObjectModel.SearchFunction.getautosuggestions(SearchFunction.java:38)
at com.PageObjectModel.SearchFunction.getautosuggestions(SearchFunction.java:38)
at com.PageObjectModel.SearchFunction.getautosuggestions(SearchFunction.java:38)
at com.PageObjectModel.SearchFunction.getautosuggestions(SearchFunction.java:38)
at com.PageObjectModel.SearchFunction.getautosuggestions(SearchFunction.java:38)
at com.PageObjectModel.SearchFunction.getautosuggestions(SearchFunction.java:38)
at com.PageObjectModel.SearchFunction.getautosuggestions(SearchFunction.java:38)
at com.PageObjectModel.SearchFunction.getautosuggestions(SearchFunction.java:38)
at com.PageObjectModel.SearchFunction.getautosuggestions(SearchFunction.java:38)
at com.PageObjectModel.SearchFunction.getautosuggestions(SearchFunction.java:38)
at com.PageObjectModel.SearchFunction.getautosuggestions(SearchFunction.java:38)
at com.PageObjectModel.SearchFunction.getautosuggestions(SearchFunction.java:38)
at com.PageObjectModel.SearchFunction.getautosuggestions(SearchFunction.java:38)
at com.PageObjectModel.SearchFunction.getautosuggestions(SearchFunction.java:38)
at com.PageObjectModel.SearchFunction.getautosuggestions(SearchFunction.java:38)
at com.PageObjectModel.SearchFunction.getautosuggestions(SearchFunction.java:38)
at com.PageObjectModel.SearchFunction.getautosuggestions(SearchFunction.java:38)
at com.PageObjectModel.SearchFunction.getautosuggestions(SearchFunction.java:38)
at com.PageObjectModel.SearchFunction.getautosuggestions(SearchFunction.java:38)
at com.PageObjectModel.SearchFunction.getautosuggestions(SearchFunction.java:38)
at com.PageObjectModel.SearchFunction.getautosuggestions(SearchFunction.java:38)
at com.PageObjectModel.SearchFunction.getautosuggestions(SearchFunction.java:38)
at com.PageObjectModel.SearchFunction.getautosuggestions(SearchFunction.java:38)
at com.PageObjectModel.SearchFunction.getautosuggestions(SearchFunction.java:38)
at com.PageObjectModel.SearchFunction.getautosuggestions(SearchFunction.java:38)
at com.PageObjectModel.SearchFunction.getautosuggestions(SearchFunction.java:38)
at com.PageObjectModel.SearchFunction.getautosuggestions(SearchFunction.java:38)
at com.PageObjectModel.SearchFunction.getautosuggestions(SearchFunction.java:38)
at com.PageObjectModel.SearchFunction.getautosuggestions(SearchFunction.java:38)
at com.PageObjectModel.SearchFunction.getautosuggestions(SearchFunction.java:38)
at com.PageObjectModel.SearchFunction.getautosuggestions(SearchFunction.java:38)
at com.PageObjectModel.SearchFunction.getautosuggestions(SearchFunction.java:38)
at com.PageObjectModel.SearchFunction.getautosuggestions(SearchFunction.java:38)
at com.PageObjectModel.SearchFunction.getautosuggestions(SearchFunction.java:38)
at com.PageObjectModel.SearchFunction.getautosuggestions(SearchFunction.java:38)
at com.PageObjectModel.SearchFunction.getautosuggestions(SearchFunction.java:38)
at com.PageObjectModel.SearchFunction.getautosuggestions(SearchFunction.java:38)
at com.PageObjectModel.SearchFunction.getautosuggestions(SearchFunction.java:38)
at com.PageObjectModel.SearchFunction.getautosuggestions(SearchFunction.java:38)
at com.PageObjectModel.SearchFunction.getautosuggestions(SearchFunction.java:38)
at com.PageObjectModel.SearchFunction.getautosuggestions(SearchFunction.java:38)
at com.PageObjectModel.SearchFunction.getautosuggestions(SearchFunction.java:38)
at com.PageObjectModel.SearchFunction.getautosuggestions(SearchFunction.java:38)
at com.PageObjectModel.SearchFunction.getautosuggestions(SearchFunction.java:38)
at com.PageObjectModel.SearchFunction.getautosuggestions(SearchFunction.java:38)
at com.PageObjectModel.SearchFunction.getautosuggestions(SearchFunction.java:38)
at com.PageObjectModel.SearchFunction.getautosuggestions(SearchFunction.java:38)
at com.PageObjectModel.SearchFunction.getautosuggestions(SearchFunction.java:38)
at com.PageObjectModel.SearchFunction.getautosuggestions(SearchFunction.java:38)
at com.PageObjectModel.SearchFunction.getautosuggestions(SearchFunction.java:38)
at com.PageObjectModel.SearchFunction.getautosuggestions(SearchFunction.java:38)
at com.PageObjectModel.SearchFunction.getautosuggestions(SearchFunction.java:38)
at com.PageObjectModel.SearchFunction.getautosuggestions(SearchFunction.java:38)
at com.PageObjectModel.SearchFunction.getautosuggestions(SearchFunction.java:38)
at com.PageObjectModel.SearchFunction.getautosuggestions(SearchFunction.java:38)
at com.PageObjectModel.SearchFunction.getautosuggestions(SearchFunction.java:38)
at com.PageObjectModel.SearchFunction.getautosuggestions(SearchFunction.java:38)
at com.PageObjectModel.SearchFunction.getautosuggestions(SearchFunction.java:38)
at com.PageObjectModel.SearchFunction.getautosuggestions(SearchFunction.java:38)
at com.PageObjectModel.SearchFunction.getautosuggestions(SearchFunction.java:38)
at com.PageObjectModel.SearchFunction.getautosuggestions(SearchFunction.java:38)
at com.PageObjectModel.SearchFunction.getautosuggestions(SearchFunction.java:38)
at com.PageObjectModel.SearchFunction.getautosuggestions(SearchFunction.java:38)
at com.PageObjectModel.SearchFunction.getautosuggestions(SearchFunction.java:38)
at com.PageObjectModel.SearchFunction.getautosuggestions(SearchFunction.java:38)
at com.PageObjectModel.SearchFunction.getautosuggestions(SearchFunction.java:38)
at com.PageObjectModel.SearchFunction.getautosuggestions(SearchFunction.java:38)
at com.PageObjectModel.SearchFunction.getautosuggestions(SearchFunction.java:38)
at com.PageObjectModel.SearchFunction.getautosuggestions(SearchFunction.java:38)
at com.PageObjectModel.SearchFunction.getautosuggestions(SearchFunction.java:38)
at com.PageObjectModel.SearchFunction.getautosuggestions(SearchFunction.java:38)
at com.PageObjectModel.SearchFunction.getautosuggestions(SearchFunction.java:38)
at com.PageObjectModel.SearchFunction.getautosuggestions(SearchFunction.java:38)
at com.PageObjectModel.SearchFunction.getautosuggestions(SearchFunction.java:38)
at com.PageObjectModel.SearchFunction.getautosuggestions(SearchFunction.java:38)
at com.PageObjectModel.SearchFunction.getautosuggestions(SearchFunction.java:38)
at com.PageObjectModel.SearchFunction.getautosuggestions(SearchFunction.java:38)
at com.PageObjectModel.SearchFunction.getautosuggestions(SearchFunction.java:38)
at com.PageObjectModel.SearchFunction.getautosuggestions(SearchFunction.java:38)
at com.PageObjectModel.SearchFunction.getautosuggestions(SearchFunction.java:38)
at com.PageObjectModel.SearchFunction.getautosuggestions(SearchFunction.java:38)
at com.PageObjectModel.SearchFunction.getautosuggestions(SearchFunction.java:38)
at com.PageObjectModel.SearchFunction.getautosuggestions(SearchFunction.java:38)
at com.PageObjectModel.SearchFunction.getautosuggestions(SearchFunction.java:38)
at com.PageObjectModel.SearchFunction.getautosuggestions(SearchFunction.java:38)
at com.PageObjectModel.SearchFunction.getautosuggestions(SearchFunction.java:38)
at com.PageObjectModel.SearchFunction.getautosuggestions(SearchFunction.java:38)
at com.PageObjectModel.SearchFunction.getautosuggestions(SearchFunction.java:38)
at com.PageObjectModel.SearchFunction.getautosuggestions(SearchFunction.java:38)
at com.PageObjectModel.SearchFunction.getautosuggestions(SearchFunction.java:38)
at com.PageObjectModel.SearchFunction.getautosuggestions(SearchFunction.java:38)
at com.PageObjectModel.SearchFunction.getautosuggestions(SearchFunction.java:38)
at com.PageObjectModel.SearchFunction.getautosuggestions(SearchFunction.java:38)
at com.PageObjectModel.SearchFunction.getautosuggestions(SearchFunction.java:38)
at com.PageObjectModel.SearchFunction.getautosuggestions(SearchFunction.java:38)
at com.PageObjectModel.SearchFunction.getautosuggestions(SearchFunction.java:38)
at com.PageObjectModel.SearchFunction.getautosuggestions(SearchFunction.java:38)
at com.PageObjectModel.SearchFunction.getautosuggestions(SearchFunction.java:38)
at com.PageObjectModel.SearchFunction.getautosuggestions(SearchFunction.java:38)
at com.PageObjectModel.SearchFunction.getautosuggestions(SearchFunction.java:38)
at com.PageObjectModel.SearchFunction.getautosuggestions(SearchFunction.java:38)
at com.PageObjectModel.SearchFunction.getautosuggestions(SearchFunction.java:38)
at com.PageObjectModel.SearchFunction.getautosuggestions(SearchFunction.java:38)
at com.PageObjectModel.SearchFunction.getautosuggestions(SearchFunction.java:38)
at com.PageObjectModel.SearchFunction.getautosuggestions(SearchFunction.java:38)
at com.PageObjectModel.SearchFunction.getautosuggestions(SearchFunction.java:38)
at com.PageObjectModel.SearchFunction.getautosuggestions(SearchFunction.java:38)
at com.PageObjectModel.SearchFunction.getautosuggestions(SearchFunction.java:38)
at com.PageObjectModel.SearchFunction.getautosuggestions(SearchFunction.java:38)
at com.PageObjectModel.SearchFunction.getautosuggestions(SearchFunction.java:38)
at com.PageObjectModel.SearchFunction.getautosuggestions(SearchFunction.java:38)
at com.PageObjectModel.SearchFunction.getautosuggestions(SearchFunction.java:38)
at com.PageObjectModel.SearchFunction.getautosuggestions(SearchFunction.java:38)
at com.PageObjectModel.SearchFunction.getautosuggestions(SearchFunction.java:38)
at com.PageObjectModel.SearchFunction.getautosuggestions(SearchFunction.java:38)
at com.PageObjectModel.SearchFunction.getautosuggestions(SearchFunction.java:38)
at com.PageObjectModel.SearchFunction.getautosuggestions(SearchFunction.java:38)
at com.PageObjectModel.SearchFunction.getautosuggestions(SearchFunction.java:38)
at com.PageObjectModel.SearchFunction.getautosuggestions(SearchFunction.java:38)
at com.PageObjectModel.SearchFunction.getautosuggestions(SearchFunction.java:38)
at com.PageObjectModel.SearchFunction.getautosuggestions(SearchFunction.java:38)
at com.PageObjectModel.SearchFunction.getautosuggestions(SearchFunction.java:38)
at com.PageObjectModel.SearchFunction.getautosuggestions(SearchFunction.java:38)
at com.PageObjectModel.SearchFunction.getautosuggestions(SearchFunction.java:38)
at com.PageObjectModel.SearchFunction.getautosuggestions(SearchFunction.java:38)
at com.PageObjectModel.SearchFunction.getautosuggestions(SearchFunction.java:38)
at com.PageObjectModel.SearchFunction.getautosuggestions(SearchFunction.java:38)
at com.PageObjectModel.SearchFunction.getautosuggestions(SearchFunction.java:38)
at com.PageObjectModel.SearchFunction.getautosuggestions(SearchFunction.java:38)
at com.PageObjectModel.SearchFunction.getautosuggestions(SearchFunction.java:38)
at com.PageObjectModel.SearchFunction.getautosuggestions(SearchFunction.java:38)
at com.PageObjectModel.SearchFunction.getautosuggestions(SearchFunction.java:38)
at com.PageObjectModel.SearchFunction.getautosuggestions(SearchFunction.java:38)
at com.PageObjectModel.SearchFunction.getautosuggestions(SearchFunction.java:38)
at com.PageObjectModel.SearchFunction.getautosuggestions(SearchFunction.java:38)
at com.PageObjectModel.SearchFunction.getautosuggestions(SearchFunction.java:38)
at com.PageObjectModel.SearchFunction.getautosuggestions(SearchFunction.java:38)
at com.PageObjectModel.SearchFunction.getautosuggestions(SearchFunction.java:38)
at com.PageObjectModel.SearchFunction.getautosuggestions(SearchFunction.java:38)
at com.PageObjectModel.SearchFunction.getautosuggestions(SearchFunction.java:38)
at com.PageObjectModel.SearchFunction.getautosuggestions(SearchFunction.java:38)
at com.PageObjectModel.SearchFunction.getautosuggestions(SearchFunction.java:38)
at com.PageObjectModel.SearchFunction.getautosuggestions(SearchFunction.java:38)
at com.PageObjectModel.SearchFunction.getautosuggestions(SearchFunction.java:38)
at com.PageObjectModel.SearchFunction.getautosuggestions(SearchFunction.java:38)
at com.PageObjectModel.SearchFunction.getautosuggestions(SearchFunction.java:38)
at com.PageObjectModel.SearchFunction.getautosuggestions(SearchFunction.java:38)
at com.PageObjectModel.SearchFunction.getautosuggestions(SearchFunction.java:38)
at com.PageObjectModel.SearchFunction.getautosuggestions(SearchFunction.java:38)
at com.PageObjectModel.SearchFunction.getautosuggestions(SearchFunction.java:38)
at com.PageObjectModel.SearchFunction.getautosuggestions(SearchFunction.java:38)
at com.PageObjectModel.SearchFunction.getautosuggestions(SearchFunction.java:38)
at com.PageObjectModel.SearchFunction.getautosuggestions(SearchFunction.java:38)
at com.PageObjectModel.SearchFunction.getautosuggestions(SearchFunction.java:38)
at com.PageObjectModel.SearchFunction.getautosuggestions(SearchFunction.java:38)
at com.PageObjectModel.SearchFunction.getautosuggestions(SearchFunction.java:38)
at com.PageObjectModel.SearchFunction.getautosuggestions(SearchFunction.java:38)
at com.PageObjectModel.SearchFunction.getautosuggestions(SearchFunction.java:38)
at com.PageObjectModel.SearchFunction.getautosuggestions(SearchFunction.java:38)
at com.PageObjectModel.SearchFunction.getautosuggestions(SearchFunction.java:38)
at com.PageObjectModel.SearchFunction.getautosuggestions(SearchFunction.java:38)
at com.PageObjectModel.SearchFunction.getautosuggestions(SearchFunction.java:38)
at com.PageObjectModel.SearchFunction.getautosuggestions(SearchFunction.java:38)
at com.PageObjectModel.SearchFunction.getautosuggestions(SearchFunction.java:38)
at com.PageObjectModel.SearchFunction.getautosuggestions(SearchFunction.java:38)
at com.PageObjectModel.SearchFunction.getautosuggestions(SearchFunction.java:38)
at com.PageObjectModel.SearchFunction.getautosuggestions(SearchFunction.java:38)
at com.PageObjectModel.SearchFunction.getautosuggestions(SearchFunction.java:38)
at com.PageObjectModel.SearchFunction.getautosuggestions(SearchFunction.java:38)
at com.PageObjectModel.SearchFunction.getautosuggestions(SearchFunction.java:38)
at com.PageObjectModel.SearchFunction.getautosuggestions(SearchFunction.java:38)
at com.PageObjectModel.SearchFunction.getautosuggestions(SearchFunction.java:38)
at com.PageObjectModel.SearchFunction.getautosuggestions(SearchFunction.java:38)
at com.PageObjectModel.SearchFunction.getautosuggestions(SearchFunction.java:38)
at com.PageObjectModel.SearchFunction.getautosuggestions(SearchFunction.java:38)
at com.PageObjectModel.SearchFunction.getautosuggestions(SearchFunction.java:38)
at com.PageObjectModel.SearchFunction.getautosuggestions(SearchFunction.java:38)
at com.PageObjectModel.SearchFunction.getautosuggestions(SearchFunction.java:38)
]]>
    </error>
  </testcase> <!-- verifyselectedproduct -->
</testsuite> <!-- com.testcases.SearchTests -->
